T9108 8634:956.143   SEGGER J-Link V6.94a Log File
T9108 8634:956.212   DLL Compiled: Jan 14 2021 11:47:39
T9108 8634:956.227   Logging started @ 2021-01-28 23:06
T9108 8634:956.239 - 15608.010ms
T9108 8634:962.575 JLINK_ExecCommand("Device = AT91SAM4S8B", ...). 
T9108 8634:962.868   Device "ATSAM4S8B" selected.
T9108 8634:964.192 - 1.603ms returns 0x00
T9108 8634:979.465 JLINK_TIF_Select(JLINKARM_TIF_SWD)
T9108 8634:980.522 - 1.088ms returns 0x00
T9108 8634:980.567 JLINK_SetSpeed(4000)
T9108 8634:980.668 - 0.117ms
T9108 8634:980.694 JLINK_ResetPullsRESET(OFF)
T9108 8634:980.706 - 0.018ms
T9108 8634:980.719 JLINK_Connect()
T9108 8634:981.777   Found SW-DP with ID 0x2BA01477
T9108 8634:984.810   DPIDR: 0x2BA01477
T9108 8634:985.052   Scanning AP map to find all available APs
T9108 8634:985.725   AP[1]: Stopped AP scan as end of AP map has been reached
T9108 8634:985.740   AP[0]: AHB-AP (IDR: 0x24770011)
T9108 8634:985.752   Iterating through AP map to find AHB-AP to use
T9108 8634:986.646   AP[0]: Core found
T9108 8634:986.660   AP[0]: AHB-AP ROM base: 0xE00FF000
T9108 8634:987.090   CPUID register: 0x410FC241. Implementer code: 0x41 (ARM)
T9108 8634:987.105   Found Cortex-M4 r0p1, Little endian.
T9108 8635:088.392   -- Max. mem block: 0x000013C8
T9108 8635:088.599   CPU_ReadMem(4 bytes @ 0xE000EDF0)
T9108 8635:089.049   CPU_WriteMem(4 bytes @ 0xE000EDF0)
T9108 8635:089.452   CPU_ReadMem(4 bytes @ 0xE0002000)
T9108 8635:089.875   FPUnit: 6 code (BP) slots and 2 literal slots
T9108 8635:089.887   CPU_ReadMem(4 bytes @ 0xE000EDFC)
T9108 8635:090.311   CPU_WriteMem(4 bytes @ 0xE000EDFC)
T9108 8635:090.732   CPU_ReadMem(4 bytes @ 0xE0001000)
T9108 8635:091.171   CPU_WriteMem(4 bytes @ 0xE0001000)
T9108 8635:091.570   CPU_ReadMem(4 bytes @ 0xE000ED88)
T9108 8635:091.953   CPU_WriteMem(4 bytes @ 0xE000ED88)
T9108 8635:092.343   CPU_ReadMem(4 bytes @ 0xE000ED88)
T9108 8635:092.724   CPU_WriteMem(4 bytes @ 0xE000ED88)
T9108 8635:093.180   CoreSight components:
T9108 8635:093.197   ROMTbl[0] @ E00FF000
T9108 8635:093.205   CPU_ReadMem(64 bytes @ 0xE00FF000)
T9108 8635:094.031   CPU_ReadMem(32 bytes @ 0xE000EFE0)
T9108 8635:094.722   ROMTbl[0][0]: E000E000, CID: B105E00D, PID: 000BB000 SCS
T9108 8635:094.735   CPU_ReadMem(32 bytes @ 0xE0001FE0)
T9108 8635:095.343   ROMTbl[0][1]: E0001000, CID: B105E00D, PID: 003BB002 DWT
T9108 8635:095.355   CPU_ReadMem(32 bytes @ 0xE0002FE0)
T9108 8635:095.984   ROMTbl[0][2]: E0002000, CID: B105E00D, PID: 002BB003 FPB
T9108 8635:095.996   CPU_ReadMem(32 bytes @ 0xE0000FE0)
T9108 8635:096.816   ROMTbl[0][3]: E0000000, CID: B105E00D, PID: 003BB001 ITM
T9108 8635:096.828   CPU_ReadMem(32 bytes @ 0xE0040FE0)
T9108 8635:097.417   ROMTbl[0][4]: E0040000, CID: B105900D, PID: 000BB9A1 TPIU
T9108 8635:097.432 - 116.716ms returns 0x00
T9108 8635:097.458 JLINK_Halt()
T9108 8635:100.385 - 2.934ms returns 0x00
T9108 8635:100.475 JLINK_BeginDownload(Flags = 0x00000000)
T9108 8635:100.483 - 0.009ms
T9108 8635:100.497 JLINK_WriteMem(0x400E0A04, 0x4 Bytes, ...)
T9108 8635:100.503   Data:  0B 01 00 5A
T9108 8635:100.796   CPU_WriteMem(4 bytes @ 0x400E0A04)
T9108 8635:101.151 - 0.660ms returns 0x4
T9108 8635:101.182 JLINK_EndDownload()
T9108 8635:101.188 - 0.008ms returns 0 (0x0)
T9108 8635:101.194 JLINK_ReadMemHW(0x400E0A08, 0x0004 Bytes, ...)
T9108 8635:101.200   CPU_ReadMem(4 bytes @ 0x400E0A08)
T9108 8635:101.576   Data:  01 00 00 00
T9108 8635:101.587 - 0.395ms returns 0
T9108 8635:101.613 JLINK_SetResetType(JLINKARM_CM3_RESET_TYPE_NORMAL)
T9108 8635:101.619 - 0.008ms returns JLINKARM_CM3_RESET_TYPE_NORMAL
T9108 8635:101.624 JLINK_Reset()
T9108 8635:101.985   CPU_ReadMem(16 bytes @ 0x20000000)
T9108 8635:102.478   CPU_WriteMem(16 bytes @ 0x20000000)
T9108 8635:102.924   CPU_ReadMem(4 bytes @ 0xE000EDFC)
T9108 8635:103.303   CPU_WriteMem(4 bytes @ 0xE000EDFC)
T9108 8635:103.694   CPU_ReadMem(4 bytes @ 0xE0001000)
T9108 8635:118.864   CPU_WriteMem(4 bytes @ 0xE000EDFC)
T9108 8635:119.330   CPU_WriteMem(16 bytes @ 0x20000000)
T9108 8635:123.301   CPU_WriteMem(4 bytes @ 0xE0002000)
T9108 8635:123.803   CPU_ReadMem(4 bytes @ 0xE000EDFC)
T9108 8635:124.369   CPU_ReadMem(4 bytes @ 0xE0001000)
T9108 8635:124.794 - 23.178ms
T9108 8635:125.631 JLINK_JTAG_GetDeviceID(DeviceIndex = 0)
T9108 8635:125.642 - 0.014ms returns 0
T9108 8635:125.649 JLINK_ReadMemU32(0x400E0740, 0x1 Items)
T9108 8635:125.664   CPU_ReadMem(4 bytes @ 0x400E0740)
T9108 8635:126.086   Data:  E0 0A 9C 28
T9108 8635:126.097 - 0.450ms returns 1 (0x1)
T9108 8635:126.127 JLINK_ReadMemU32(0x400E0744, 0x1 Items)
T9108 8635:126.136   CPU_ReadMem(4 bytes @ 0x400E0744)
T9108 8635:126.592   Data:  00 00 00 00
T9108 8635:126.604 - 0.479ms returns 1 (0x1)
T9108 8635:126.720 JLINK_BeginDownload(Flags = 0x00000000)
T9108 8635:126.730 - 0.012ms
T9108 8635:126.750 JLINK_WriteMem(0x400E0A04, 0x4 Bytes, ...)
T9108 8635:126.780   Data:  05 00 00 5A
T9108 8635:126.794   CPU_WriteMem(4 bytes @ 0x400E0A04)
T9108 8635:127.368 - 0.624ms returns 0x4
T9108 8635:127.398 JLINK_EndDownload()
T9108 8635:127.404 - 0.008ms returns 0 (0x0)
T9108 8635:127.410 JLINK_ReadMemHW(0x400E0A08, 0x0004 Bytes, ...)
T9108 8635:127.416   CPU_ReadMem(4 bytes @ 0x400E0A08)
T9108 8635:127.833   Data:  00 00 00 00
T9108 8635:127.844 - 0.436ms returns 0
T9108 8635:128.962 JLINK_ReadMemHW(0x400E0A08, 0x0004 Bytes, ...)
T9108 8635:128.975   CPU_ReadMem(4 bytes @ 0x400E0A08)
T9108 8635:129.498   Data:  00 00 00 00
T9108 8635:129.510 - 0.550ms returns 0
T9108 8635:132.996 JLINK_ReadMemHW(0x400E0A08, 0x0004 Bytes, ...)
T9108 8635:133.009   CPU_ReadMem(4 bytes @ 0x400E0A08)
T9108 8635:133.567   Data:  00 00 00 00
T9108 8635:133.579 - 0.584ms returns 0
T4D3C 8635:135.017 JLINK_IsHalted()
T4D3C 8635:135.028 - 0.013ms returns TRUE
T4D3C 8635:135.035 JLINK_GetMOEs(...)
T4D3C 8635:135.056   CPU_ReadMem(4 bytes @ 0xE000ED30)
T4D3C 8635:135.451 - 0.422ms returns 0x01
T4D3C 8635:135.463 JLINK_ReadReg(R15 (PC))
T4D3C 8635:135.469 - 0.008ms returns 0x00400D0C
T9108 8635:149.954 JLINK_ReadMemHW(0x400E0A08, 0x0004 Bytes, ...)
T9108 8635:149.969   CPU_ReadMem(4 bytes @ 0x400E0A08)
T9108 8635:150.363   Data:  00 00 00 00
T9108 8635:150.375 - 0.423ms returns 0
T9108 8635:214.653 JLINK_ReadMemHW(0x400E0A08, 0x0004 Bytes, ...)
T9108 8635:214.691   CPU_ReadMem(4 bytes @ 0x400E0A08)
T9108 8635:215.403   Data:  00 00 00 00
T9108 8635:215.426 - 0.776ms returns 0
T4D3C 8635:335.004 JLINK_IsHalted()
T4D3C 8635:335.075 - 0.074ms returns TRUE
T9108 8635:472.472 JLINK_ReadMemHW(0x400E0A08, 0x0004 Bytes, ...)
T9108 8635:472.504   CPU_ReadMem(4 bytes @ 0x400E0A08)
T9108 8635:473.093   Data:  00 00 00 00
T9108 8635:473.116 - 0.646ms returns 0
T4D3C 8635:535.463 JLINK_IsHalted()
T4D3C 8635:535.483 - 0.022ms returns TRUE
T4D3C 8635:736.056 JLINK_IsHalted()
T4D3C 8635:736.857 - 0.820ms returns TRUE
T4D3C 8635:937.986 JLINK_IsHalted()
T4D3C 8635:938.013 - 0.029ms returns TRUE
T4D3C 8636:138.508 JLINK_IsHalted()
T4D3C 8636:138.533 - 0.027ms returns TRUE
T4D3C 8636:338.813 JLINK_IsHalted()
T4D3C 8636:339.320 - 0.515ms returns TRUE
T9108 8636:472.871 JLINK_ReadMemHW(0x400E0A08, 0x0004 Bytes, ...)
T9108 8636:472.902   CPU_ReadMem(4 bytes @ 0x400E0A08)
T9108 8636:473.299   Data:  00 00 00 00
T9108 8636:473.311 - 0.442ms returns 0
T9108 8636:473.402 JLINK_ReadMemHW(0x400E0A08, 0x0004 Bytes, ...)
T9108 8636:473.412   CPU_ReadMem(4 bytes @ 0x400E0A08)
T9108 8636:473.744   Data:  00 00 00 00
T9108 8636:473.755 - 0.355ms returns 0
T9108 8636:474.878 JLINK_ReadMemHW(0x400E0A08, 0x0004 Bytes, ...)
T9108 8636:474.891   CPU_ReadMem(4 bytes @ 0x400E0A08)
T9108 8636:475.227   Data:  00 00 00 00
T9108 8636:475.238 - 0.362ms returns 0
T9108 8636:480.234 JLINK_ReadMemHW(0x400E0A08, 0x0004 Bytes, ...)
T9108 8636:480.247   CPU_ReadMem(4 bytes @ 0x400E0A08)
T9108 8636:480.803   Data:  00 00 00 00
T9108 8636:480.826 - 0.594ms returns 0
T9108 8636:496.954 JLINK_ReadMemHW(0x400E0A08, 0x0004 Bytes, ...)
T9108 8636:496.984   CPU_ReadMem(4 bytes @ 0x400E0A08)
T9108 8636:497.654   Data:  00 00 00 00
T9108 8636:497.682 - 0.730ms returns 0
T4D3C 8636:539.123 JLINK_IsHalted()
T4D3C 8636:539.154 - 0.033ms returns TRUE
T9108 8636:562.125 JLINK_ReadMemHW(0x400E0A08, 0x0004 Bytes, ...)
T9108 8636:562.162   CPU_ReadMem(4 bytes @ 0x400E0A08)
T9108 8636:562.827   Data:  00 00 00 00
T9108 8636:562.854 - 0.731ms returns 0
T4D3C 8636:739.918 JLINK_IsHalted()
T4D3C 8636:739.945 - 0.029ms returns TRUE
T9108 8636:819.828 JLINK_ReadMemHW(0x400E0A08, 0x0004 Bytes, ...)
T9108 8636:819.862   CPU_ReadMem(4 bytes @ 0x400E0A08)
T9108 8636:820.540   Data:  00 00 00 00
T9108 8636:820.567 - 0.741ms returns 0
T4D3C 8636:940.258 JLINK_IsHalted()
T4D3C 8636:941.107 - 0.867ms returns TRUE
T4D3C 8637:141.850 JLINK_IsHalted()
T4D3C 8637:141.873 - 0.025ms returns TRUE
T4D3C 8637:342.411 JLINK_IsHalted()
T4D3C 8637:342.455 - 0.046ms returns TRUE
T4D3C 8637:542.864 JLINK_IsHalted()
T4D3C 8637:543.296 - 0.440ms returns TRUE
T4D3C 8637:743.371 JLINK_IsHalted()
T4D3C 8637:743.423 - 0.053ms returns TRUE
T9108 8637:820.991 JLINK_ReadMemHW(0x400E0A08, 0x0004 Bytes, ...)
T9108 8637:821.028   CPU_ReadMem(4 bytes @ 0x400E0A08)
T9108 8637:821.741   Data:  00 00 00 00
T9108 8637:821.781 - 0.793ms returns 0
T9108 8637:821.895 JLINK_ReadMemHW(0x400E0A08, 0x0004 Bytes, ...)
T9108 8637:821.909   CPU_ReadMem(4 bytes @ 0x400E0A08)
T9108 8637:822.370   Data:  00 00 00 00
T9108 8637:822.387 - 0.493ms returns 0
T9108 8637:824.022 JLINK_ReadMemHW(0x400E0A08, 0x0004 Bytes, ...)
T9108 8637:824.055   CPU_ReadMem(4 bytes @ 0x400E0A08)
T9108 8637:824.752   Data:  00 00 00 00
T9108 8637:824.777 - 0.756ms returns 0
T9108 8637:829.066 JLINK_ReadMemHW(0x400E0A08, 0x0004 Bytes, ...)
T9108 8637:829.129   CPU_ReadMem(4 bytes @ 0x400E0A08)
T9108 8637:829.871   Data:  00 00 00 00
T9108 8637:829.914 - 0.850ms returns 0
T9108 8637:846.944 JLINK_ReadMemHW(0x400E0A08, 0x0004 Bytes, ...)
T9108 8637:846.972   CPU_ReadMem(4 bytes @ 0x400E0A08)
T9108 8637:847.482   Data:  00 00 00 00
T9108 8637:847.493 - 0.551ms returns 0
T9108 8637:911.631 JLINK_ReadMemHW(0x400E0A08, 0x0004 Bytes, ...)
T9108 8637:911.666   CPU_ReadMem(4 bytes @ 0x400E0A08)
T9108 8637:912.334   Data:  00 00 00 00
T9108 8637:912.361 - 0.732ms returns 0
T4D3C 8637:943.994 JLINK_IsHalted()
T4D3C 8637:944.015 - 0.023ms returns TRUE
T4D3C 8638:145.487 JLINK_IsHalted()
T4D3C 8638:145.900 - 0.421ms returns TRUE
T9108 8638:168.783 JLINK_ReadMemHW(0x400E0A08, 0x0004 Bytes, ...)
T9108 8638:168.813   CPU_ReadMem(4 bytes @ 0x400E0A08)
T9108 8638:169.385   Data:  00 00 00 00
T9108 8638:169.407 - 0.626ms returns 0
T4D3C 8638:347.109 JLINK_IsHalted()
T4D3C 8638:347.133 - 0.026ms returns TRUE
T4D3C 8638:547.603 JLINK_IsHalted()
T4D3C 8638:547.629 - 0.028ms returns TRUE
T4D3C 8638:747.634 JLINK_IsHalted()
T4D3C 8638:748.060 - 0.433ms returns TRUE
T4D3C 8638:948.185 JLINK_IsHalted()
T4D3C 8638:948.254 - 0.072ms returns TRUE
T4D3C 8639:150.101 JLINK_IsHalted()
T4D3C 8639:150.118 - 0.018ms returns TRUE
T9108 8639:169.512 JLINK_ReadMemHW(0x400E0A08, 0x0004 Bytes, ...)
T9108 8639:169.562   CPU_ReadMem(4 bytes @ 0x400E0A08)
T9108 8639:170.221   Data:  00 00 00 00
T9108 8639:170.244 - 0.734ms returns 0
T9108 8639:170.330 JLINK_ReadMemHW(0x400E0A08, 0x0004 Bytes, ...)
T9108 8639:170.343   CPU_ReadMem(4 bytes @ 0x400E0A08)
T9108 8639:170.816   Data:  00 00 00 00
T9108 8639:170.835 - 0.507ms returns 0
T9108 8639:171.427 JLINK_ReadMemHW(0x400E0A08, 0x0004 Bytes, ...)
T9108 8639:171.457   CPU_ReadMem(4 bytes @ 0x400E0A08)
T9108 8639:172.114   Data:  00 00 00 00
T9108 8639:172.144 - 0.720ms returns 0
T9108 8639:176.427 JLINK_ReadMemHW(0x400E0A08, 0x0004 Bytes, ...)
T9108 8639:176.457   CPU_ReadMem(4 bytes @ 0x400E0A08)
T9108 8639:177.118   Data:  00 00 00 00
T9108 8639:177.145 - 0.720ms returns 0
T9108 8639:193.349 JLINK_ReadMemHW(0x400E0A08, 0x0004 Bytes, ...)
T9108 8639:193.376   CPU_ReadMem(4 bytes @ 0x400E0A08)
T9108 8639:193.799   Data:  00 00 00 00
T9108 8639:193.811 - 0.463ms returns 0
T9108 8639:259.118 JLINK_ReadMemHW(0x400E0A08, 0x0004 Bytes, ...)
T9108 8639:259.164   CPU_ReadMem(4 bytes @ 0x400E0A08)
T9108 8639:259.889   Data:  00 00 00 00
T9108 8639:259.912 - 0.797ms returns 0
T4D3C 8639:350.612 JLINK_IsHalted()
T4D3C 8639:351.209 - 0.612ms returns TRUE
T9108 8639:516.723 JLINK_ReadMemHW(0x400E0A08, 0x0004 Bytes, ...)
T9108 8639:516.814   CPU_ReadMem(4 bytes @ 0x400E0A08)
T9108 8639:517.229   Data:  01 00 00 00
T9108 8639:517.245 - 0.526ms returns 0
T4D3C 8639:551.842 JLINK_IsHalted()
T4D3C 8639:551.888 - 0.048ms returns TRUE
T9108 8639:552.645 JLINK_ResetPullsRESET(ON)
T9108 8639:552.659 - 0.016ms
T9108 8639:552.664 JLINK_ResetNoHalt()
T9108 8639:553.655   Found SW-DP with ID 0x2BA01477
T9108 8639:556.156   DPIDR: 0x2BA01477
T9108 8639:556.173   AP map detection skipped. Manually configured AP map found.
T9108 8639:556.185   AP[0]: AHB-AP (IDR: Not set)
T9108 8639:557.156   AP[0]: Core found
T9108 8639:557.172   AP[0]: AHB-AP ROM base: 0xE00FF000
T9108 8639:557.656   CPUID register: 0x410FC241. Implementer code: 0x41 (ARM)
T9108 8639:557.672   Found Cortex-M4 r0p1, Little endian.
T9108 8639:658.260   -- Max. mem block: 0x000012C8
T9108 8639:658.285   CPU_ReadMem(4 bytes @ 0xE000EDF0)
T9108 8639:658.645   CPU_ReadMem(4 bytes @ 0xE0002000)
T9108 8639:659.076   FPUnit: 6 code (BP) slots and 2 literal slots
T9108 8639:659.087   CPU_ReadMem(4 bytes @ 0xE000EDFC)
T9108 8639:659.538   CPU_ReadMem(4 bytes @ 0xE0001000)
T9108 8639:659.904   CPU_ReadMem(4 bytes @ 0xE000ED88)
T9108 8639:660.294   CPU_WriteMem(4 bytes @ 0xE000ED88)
T9108 8639:660.662   CPU_ReadMem(4 bytes @ 0xE000ED88)
T9108 8639:661.013   CPU_WriteMem(4 bytes @ 0xE000ED88)
T9108 8639:661.412   CoreSight components:
T9108 8639:661.427   ROMTbl[0] @ E00FF000
T9108 8639:661.435   CPU_ReadMem(64 bytes @ 0xE00FF000)
T9108 8639:662.252   CPU_ReadMem(32 bytes @ 0xE000EFE0)
T9108 8639:662.859   ROMTbl[0][0]: E000E000, CID: B105E00D, PID: 000BB000 SCS
T9108 8639:662.870   CPU_WriteMem(4 bytes @ 0xE0001000)
T9108 8639:663.246   CPU_ReadMem(32 bytes @ 0xE0001FE0)
T9108 8639:663.880   ROMTbl[0][1]: E0001000, CID: B105E00D, PID: 003BB002 DWT
T9108 8639:663.890   CPU_ReadMem(32 bytes @ 0xE0002FE0)
T9108 8639:664.499   ROMTbl[0][2]: E0002000, CID: B105E00D, PID: 002BB003 FPB
T9108 8639:664.509   CPU_ReadMem(32 bytes @ 0xE0000FE0)
T9108 8639:665.058   ROMTbl[0][3]: E0000000, CID: B105E00D, PID: 003BB001 ITM
T9108 8639:665.067   CPU_ReadMem(32 bytes @ 0xE0040FE0)
T9108 8639:665.768   ROMTbl[0][4]: E0040000, CID: B105900D, PID: 000BB9A1 TPIU
T9108 8639:665.784   JLINK_Reset()
T9108 8639:665.792     CPU_ReadMem(16 bytes @ 0x20000000)
T9108 8639:666.170     CPU_WriteMem(16 bytes @ 0x20000000)
T9108 8639:666.626     CPU_ReadMem(4 bytes @ 0xE000EDFC)
T9108 8639:666.948     CPU_WriteMem(4 bytes @ 0xE000EDFC)
T9108 8639:667.262     CPU_ReadMem(4 bytes @ 0xE0001000)
T9108 8639:667.575     CPU_WriteMem(4 bytes @ 0xE0001004)
T9108 8639:682.965     CPU_WriteMem(4 bytes @ 0xE000EDFC)
T9108 8639:683.665     CPU_WriteMem(16 bytes @ 0x20000000)
T9108 8639:687.914     CPU_WriteMem(4 bytes @ 0xE0002000)
T9108 8639:688.355     CPU_ReadMem(4 bytes @ 0xE000EDFC)
T9108 8639:688.799     CPU_ReadMem(4 bytes @ 0xE0001000)
T9108 8639:689.297   - 23.521ms
T9108 8639:689.310   JLINK_Go()
T9108 8639:689.319     CPU_ReadMem(4 bytes @ 0xE0001000)
T9108 8639:689.690     CPU_WriteMem(4 bytes @ 0xE0001004)
T9108 8639:690.746   - 1.441ms
T9108 8639:690.754 - 138.091ms
T9108 8639:717.029 JLINK_Close()
T9108 8639:734.908 - 17.926ms
T9108 8639:734.958   
T9108 8639:734.978   Closed
