T9108 10177:419.821   SEGGER J-Link V6.94a Log File
T9108 10177:419.871   DLL Compiled: Jan 14 2021 11:47:39
T9108 10177:419.885   Logging started @ 2021-01-28 23:31
T9108 10177:419.897 - 1502111.675ms
T9108 10177:420.077 JLINK_EMU_SelectByUSBSN(SerialNo = 801016479)
T9108 10177:420.526 - 0.462ms returns 0xFFFFFFFF
T9108 10177:420.550 JLINK_OpenEx(...)
T9108 10177:421.244   Looking for J-Link GUI Server exe at: C:\Program Files (x86)\Atmel\Studio\7.0\atbackend\JLinkGUIServer.exe
T9108 10177:421.312   Looking for J-Link GUI Server exe at: C:\Program Files (x86)\SEGGER\JLink\JLinkGUIServer.exe
T9108 10177:421.354   Forking J-Link GUI Server: C:\Program Files (x86)\SEGGER\JLink\JLinkGUIServer.exe
T9108 10177:423.843   J-Link GUI Server info: "J-Link GUI server V6.94a "
T9108 10178:248.492 - 827.953ms returns "Failed to open DLL"
T9108 10178:248.541 JLINK_ExecCommand("ProjectFile = C:\Users\scott\Documents\Atmel Studio\7.0\Task1\Task1\jlink.config", ...). 
T9108 10178:249.959 - 1.424ms returns 0x00
T9108 10178:251.236 JLINK_SetLogFile(...)
T9108 10178:251.245 - 0.011ms
T7A6C 10182:169.607 JLINK_EMU_GetList(InterfaceMask = 0x00000001, MaxInfos = 0x00000032) 
T7A6C 10182:170.361   [0]: USB, S/N: 801016479
T7A6C 10182:170.375 - 0.772ms returns 1
T7A6C 10182:170.430 JLINK_EMU_GetList(InterfaceMask = 0x00000002, MaxInfos = 0x00000032) 
T7A6C 10182:216.019 - 45.601ms returns 0
T7A6C 10183:269.308 JLINK_EMU_GetList(InterfaceMask = 0x00000001, MaxInfos = 0x00000032) 
T7A6C 10183:269.790   [0]: USB, S/N: 801016479
T7A6C 10183:269.800 - 0.494ms returns 1
T7A6C 10183:269.845 JLINK_EMU_GetList(InterfaceMask = 0x00000002, MaxInfos = 0x00000032) 
T7A6C 10183:314.922 - 45.136ms returns 0
T7A6C 10184:357.135 JLINK_EMU_GetList(InterfaceMask = 0x00000001, MaxInfos = 0x00000032) 
T7A6C 10184:357.846   [0]: USB, S/N: 801016479
T7A6C 10184:357.858 - 0.725ms returns 1
T7A6C 10184:357.903 JLINK_EMU_GetList(InterfaceMask = 0x00000002, MaxInfos = 0x00000032) 
T7A6C 10184:403.262 - 45.405ms returns 0
T7A6C 10185:447.006 JLINK_EMU_GetList(InterfaceMask = 0x00000001, MaxInfos = 0x00000032) 
T7A6C 10185:447.461   [0]: USB, S/N: 801016479
T7A6C 10185:447.470 - 0.466ms returns 1
T7A6C 10185:447.510 JLINK_EMU_GetList(InterfaceMask = 0x00000002, MaxInfos = 0x00000032) 
T7A6C 10185:492.299 - 44.807ms returns 0
T7A6C 10186:536.964 JLINK_EMU_GetList(InterfaceMask = 0x00000001, MaxInfos = 0x00000032) 
T7A6C 10186:537.438   [0]: USB, S/N: 801016479
T7A6C 10186:537.448 - 0.486ms returns 1
T7A6C 10186:537.489 JLINK_EMU_GetList(InterfaceMask = 0x00000002, MaxInfos = 0x00000032) 
T7A6C 10186:582.863 - 45.428ms returns 0
T7A6C 10187:623.539 JLINK_EMU_GetList(InterfaceMask = 0x00000001, MaxInfos = 0x00000032) 
T7A6C 10187:624.049   [0]: USB, S/N: 801016479
T7A6C 10187:624.059 - 0.522ms returns 1
T7A6C 10187:624.104 JLINK_EMU_GetList(InterfaceMask = 0x00000002, MaxInfos = 0x00000032) 
T7A6C 10187:669.296 - 45.206ms returns 0
T7A6C 10188:708.651 JLINK_EMU_GetList(InterfaceMask = 0x00000001, MaxInfos = 0x00000032) 
T7A6C 10188:709.209   [0]: USB, S/N: 801016479
T7A6C 10188:709.219 - 0.570ms returns 1
T7A6C 10188:709.272 JLINK_EMU_GetList(InterfaceMask = 0x00000002, MaxInfos = 0x00000032) 
T7A6C 10188:753.971 - 44.717ms returns 0
T7A6C 10189:796.071 JLINK_EMU_GetList(InterfaceMask = 0x00000001, MaxInfos = 0x00000032) 
T7A6C 10189:796.566   [0]: USB, S/N: 801016479
T7A6C 10189:796.575 - 0.506ms returns 1
T7A6C 10189:796.618 JLINK_EMU_GetList(InterfaceMask = 0x00000002, MaxInfos = 0x00000032) 
T7A6C 10189:841.225 - 44.619ms returns 0
T7A6C 10190:880.706 JLINK_EMU_GetList(InterfaceMask = 0x00000001, MaxInfos = 0x00000032) 
T7A6C 10190:881.255   [0]: USB, S/N: 801016479
T7A6C 10190:881.265 - 0.562ms returns 1
T7A6C 10190:881.312 JLINK_EMU_GetList(InterfaceMask = 0x00000002, MaxInfos = 0x00000032) 
T7A6C 10190:926.236 - 44.942ms returns 0
T7A6C 10191:967.521 JLINK_EMU_GetList(InterfaceMask = 0x00000001, MaxInfos = 0x00000032) 
T7A6C 10191:968.140   [0]: USB, S/N: 801016479
T7A6C 10191:968.152 - 0.634ms returns 1
T7A6C 10191:968.210 JLINK_EMU_GetList(InterfaceMask = 0x00000002, MaxInfos = 0x00000032) 
T7A6C 10192:014.393 - 46.201ms returns 0
T7A6C 10193:055.157 JLINK_EMU_GetList(InterfaceMask = 0x00000001, MaxInfos = 0x00000032) 
T7A6C 10193:055.685   [0]: USB, S/N: 801016479
T7A6C 10193:055.696 - 0.541ms returns 1
T7A6C 10193:055.744 JLINK_EMU_GetList(InterfaceMask = 0x00000002, MaxInfos = 0x00000032) 
T7A6C 10193:100.727 - 45.050ms returns 0
T7A6C 10194:143.113 JLINK_EMU_GetList(InterfaceMask = 0x00000001, MaxInfos = 0x00000032) 
T7A6C 10194:143.626   [0]: USB, S/N: 801016479
T7A6C 10194:143.639 - 0.530ms returns 1
T7A6C 10194:143.687 JLINK_EMU_GetList(InterfaceMask = 0x00000002, MaxInfos = 0x00000032) 
T7A6C 10194:188.619 - 44.949ms returns 0
T7A6C 10195:233.244 JLINK_EMU_GetList(InterfaceMask = 0x00000001, MaxInfos = 0x00000032) 
T7A6C 10195:233.790   [0]: USB, S/N: 801016479
T7A6C 10195:233.801 - 0.559ms returns 1
T7A6C 10195:233.848 JLINK_EMU_GetList(InterfaceMask = 0x00000002, MaxInfos = 0x00000032) 
T7A6C 10195:279.329 - 45.544ms returns 0
T7A6C 10196:320.479 JLINK_EMU_GetList(InterfaceMask = 0x00000001, MaxInfos = 0x00000032) 
T7A6C 10196:321.082   [0]: USB, S/N: 801016479
T7A6C 10196:321.094 - 0.616ms returns 1
T7A6C 10196:321.144 JLINK_EMU_GetList(InterfaceMask = 0x00000002, MaxInfos = 0x00000032) 
T7A6C 10196:366.016 - 44.891ms returns 0
T7A6C 10197:407.481 JLINK_EMU_GetList(InterfaceMask = 0x00000001, MaxInfos = 0x00000032) 
T7A6C 10197:407.979   [0]: USB, S/N: 801016479
T7A6C 10197:407.988 - 0.509ms returns 1
T7A6C 10197:408.033 JLINK_EMU_GetList(InterfaceMask = 0x00000002, MaxInfos = 0x00000032) 
T7A6C 10197:453.431 - 45.418ms returns 0
T7A6C 10198:493.809 JLINK_EMU_GetList(InterfaceMask = 0x00000001, MaxInfos = 0x00000032) 
T7A6C 10198:494.301   [0]: USB, S/N: 801016479
T7A6C 10198:494.310 - 0.503ms returns 1
T7A6C 10198:494.358 JLINK_EMU_GetList(InterfaceMask = 0x00000002, MaxInfos = 0x00000032) 
T7A6C 10198:539.355 - 45.014ms returns 0
T7A6C 10199:578.565 JLINK_EMU_GetList(InterfaceMask = 0x00000001, MaxInfos = 0x00000032) 
T7A6C 10199:579.157   [0]: USB, S/N: 801016479
T7A6C 10199:579.169 - 0.606ms returns 1
T7A6C 10199:579.218 JLINK_EMU_GetList(InterfaceMask = 0x00000002, MaxInfos = 0x00000032) 
T7A6C 10199:624.549 - 45.346ms returns 0
T7A6C 10200:667.330 JLINK_EMU_GetList(InterfaceMask = 0x00000001, MaxInfos = 0x00000032) 
T7A6C 10200:668.000   [0]: USB, S/N: 801016479
T7A6C 10200:668.012 - 0.684ms returns 1
T7A6C 10200:668.065 JLINK_EMU_GetList(InterfaceMask = 0x00000002, MaxInfos = 0x00000032) 
T7A6C 10200:713.467 - 45.427ms returns 0
T7A6C 10201:755.424 JLINK_EMU_GetList(InterfaceMask = 0x00000001, MaxInfos = 0x00000032) 
T7A6C 10201:755.923   [0]: USB, S/N: 801016479
T7A6C 10201:755.933 - 0.510ms returns 1
T7A6C 10201:755.976 JLINK_EMU_GetList(InterfaceMask = 0x00000002, MaxInfos = 0x00000032) 
T7A6C 10201:800.655 - 44.715ms returns 0
T7A6C 10202:840.487 JLINK_EMU_GetList(InterfaceMask = 0x00000001, MaxInfos = 0x00000032) 
T7A6C 10202:841.004   [0]: USB, S/N: 801016479
T7A6C 10202:841.014 - 0.528ms returns 1
T7A6C 10202:841.058 JLINK_EMU_GetList(InterfaceMask = 0x00000002, MaxInfos = 0x00000032) 
T7A6C 10202:885.934 - 44.924ms returns 0
T7A6C 10203:928.540 JLINK_EMU_GetList(InterfaceMask = 0x00000001, MaxInfos = 0x00000032) 
T7A6C 10203:929.058   [0]: USB, S/N: 801016479
T7A6C 10203:929.068 - 0.529ms returns 1
T7A6C 10203:929.126 JLINK_EMU_GetList(InterfaceMask = 0x00000002, MaxInfos = 0x00000032) 
T7A6C 10203:974.250 - 45.134ms returns 0
T7A6C 10205:015.074 JLINK_EMU_GetList(InterfaceMask = 0x00000001, MaxInfos = 0x00000032) 
T7A6C 10205:015.579   [0]: USB, S/N: 801016479
T7A6C 10205:015.589 - 0.517ms returns 1
T7A6C 10205:015.633 JLINK_EMU_GetList(InterfaceMask = 0x00000002, MaxInfos = 0x00000032) 
T7A6C 10205:060.455 - 44.863ms returns 0
T7A6C 10206:100.887 JLINK_EMU_GetList(InterfaceMask = 0x00000001, MaxInfos = 0x00000032) 
T7A6C 10206:101.435   [0]: USB, S/N: 801016479
T7A6C 10206:101.444 - 0.559ms returns 1
T7A6C 10206:101.488 JLINK_EMU_GetList(InterfaceMask = 0x00000002, MaxInfos = 0x00000032) 
T7A6C 10206:146.694 - 45.221ms returns 0
T7A6C 10207:189.921 JLINK_EMU_GetList(InterfaceMask = 0x00000001, MaxInfos = 0x00000032) 
T7A6C 10207:190.424   [0]: USB, S/N: 801016479
T7A6C 10207:190.433 - 0.514ms returns 1
T7A6C 10207:190.478 JLINK_EMU_GetList(InterfaceMask = 0x00000002, MaxInfos = 0x00000032) 
T7A6C 10207:235.633 - 45.166ms returns 0
T7A6C 10208:279.308 JLINK_EMU_GetList(InterfaceMask = 0x00000001, MaxInfos = 0x00000032) 
T7A6C 10208:279.801   [0]: USB, S/N: 801016479
T7A6C 10208:279.810 - 0.503ms returns 1
T7A6C 10208:279.853 JLINK_EMU_GetList(InterfaceMask = 0x00000002, MaxInfos = 0x00000032) 
T7A6C 10208:324.731 - 44.891ms returns 0
T7A6C 10209:368.430 JLINK_EMU_GetList(InterfaceMask = 0x00000001, MaxInfos = 0x00000032) 
T7A6C 10209:368.925   [0]: USB, S/N: 801016479
T7A6C 10209:368.934 - 0.506ms returns 1
T7A6C 10209:368.978 JLINK_EMU_GetList(InterfaceMask = 0x00000002, MaxInfos = 0x00000032) 
T7A6C 10209:413.681 - 44.715ms returns 0
T7A6C 10210:453.421 JLINK_EMU_GetList(InterfaceMask = 0x00000001, MaxInfos = 0x00000032) 
T7A6C 10210:453.913   [0]: USB, S/N: 801016479
T7A6C 10210:453.923 - 0.503ms returns 1
T7A6C 10210:453.966 JLINK_EMU_GetList(InterfaceMask = 0x00000002, MaxInfos = 0x00000032) 
T7A6C 10210:499.054 - 45.102ms returns 0
T7A6C 10211:539.514 JLINK_EMU_GetList(InterfaceMask = 0x00000001, MaxInfos = 0x00000032) 
T7A6C 10211:540.011   [0]: USB, S/N: 801016479
T7A6C 10211:540.021 - 0.509ms returns 1
T7A6C 10211:540.067 JLINK_EMU_GetList(InterfaceMask = 0x00000002, MaxInfos = 0x00000032) 
T7A6C 10211:584.812 - 44.788ms returns 0
T7A6C 10212:628.472 JLINK_EMU_GetList(InterfaceMask = 0x00000001, MaxInfos = 0x00000032) 
T7A6C 10212:628.981   [0]: USB, S/N: 801016479
T7A6C 10212:628.990 - 0.521ms returns 1
T7A6C 10212:629.036 JLINK_EMU_GetList(InterfaceMask = 0x00000002, MaxInfos = 0x00000032) 
T7A6C 10212:674.474 - 45.449ms returns 0
T7A6C 10213:716.672 JLINK_EMU_GetList(InterfaceMask = 0x00000001, MaxInfos = 0x00000032) 
T7A6C 10213:717.190   [0]: USB, S/N: 801016479
T7A6C 10213:717.200 - 0.531ms returns 1
T7A6C 10213:717.245 JLINK_EMU_GetList(InterfaceMask = 0x00000002, MaxInfos = 0x00000032) 
T7A6C 10213:762.791 - 45.559ms returns 0
T7A6C 10214:806.266 JLINK_EMU_GetList(InterfaceMask = 0x00000001, MaxInfos = 0x00000032) 
T7A6C 10214:806.774   [0]: USB, S/N: 801016479
T7A6C 10214:806.783 - 0.519ms returns 1
T7A6C 10214:806.827 JLINK_EMU_GetList(InterfaceMask = 0x00000002, MaxInfos = 0x00000032) 
T7A6C 10214:851.331 - 44.518ms returns 0
T7A6C 10215:892.204 JLINK_EMU_GetList(InterfaceMask = 0x00000001, MaxInfos = 0x00000032) 
T7A6C 10215:892.693   [0]: USB, S/N: 801016479
T7A6C 10215:892.703 - 0.501ms returns 1
T7A6C 10215:892.747 JLINK_EMU_GetList(InterfaceMask = 0x00000002, MaxInfos = 0x00000032) 
T7A6C 10215:937.972 - 45.239ms returns 0
T7A6C 10216:981.070 JLINK_EMU_GetList(InterfaceMask = 0x00000001, MaxInfos = 0x00000032) 
T7A6C 10216:981.559   [0]: USB, S/N: 801016479
T7A6C 10216:981.568 - 0.501ms returns 1
T7A6C 10216:981.612 JLINK_EMU_GetList(InterfaceMask = 0x00000002, MaxInfos = 0x00000032) 
T7A6C 10217:026.735 - 45.138ms returns 0
T7A6C 10218:068.467 JLINK_EMU_GetList(InterfaceMask = 0x00000001, MaxInfos = 0x00000032) 
T7A6C 10218:068.957   [0]: USB, S/N: 801016479
T7A6C 10218:068.967 - 0.502ms returns 1
T7A6C 10218:069.010 JLINK_EMU_GetList(InterfaceMask = 0x00000002, MaxInfos = 0x00000032) 
T7A6C 10218:114.295 - 45.299ms returns 0
T7A6C 10219:157.277 JLINK_EMU_GetList(InterfaceMask = 0x00000001, MaxInfos = 0x00000032) 
T7A6C 10219:157.791   [0]: USB, S/N: 801016479
T7A6C 10219:157.801 - 0.526ms returns 1
T7A6C 10219:157.848 JLINK_EMU_GetList(InterfaceMask = 0x00000002, MaxInfos = 0x00000032) 
T7A6C 10219:202.354 - 44.521ms returns 0
T7A6C 10220:248.493 JLINK_EMU_GetList(InterfaceMask = 0x00000001, MaxInfos = 0x00000032) 
T7A6C 10220:249.009   [0]: USB, S/N: 801016479
T7A6C 10220:249.019 - 0.528ms returns 1
T7A6C 10220:249.064 JLINK_EMU_GetList(InterfaceMask = 0x00000002, MaxInfos = 0x00000032) 
T7A6C 10220:294.200 - 45.152ms returns 0
T7A6C 10221:335.209 JLINK_EMU_GetList(InterfaceMask = 0x00000001, MaxInfos = 0x00000032) 
T7A6C 10221:335.700   [0]: USB, S/N: 801016479
T7A6C 10221:335.710 - 0.502ms returns 1
T7A6C 10221:335.753 JLINK_EMU_GetList(InterfaceMask = 0x00000002, MaxInfos = 0x00000032) 
T7A6C 10221:380.809 - 45.101ms returns 0
T7A6C 10222:423.757 JLINK_EMU_GetList(InterfaceMask = 0x00000001, MaxInfos = 0x00000032) 
T7A6C 10222:424.250   [0]: USB, S/N: 801016479
T7A6C 10222:424.259 - 0.505ms returns 1
T7A6C 10222:424.303 JLINK_EMU_GetList(InterfaceMask = 0x00000002, MaxInfos = 0x00000032) 
T7A6C 10222:469.206 - 44.914ms returns 0
T7A6C 10223:510.254 JLINK_EMU_GetList(InterfaceMask = 0x00000001, MaxInfos = 0x00000032) 
T7A6C 10223:510.745   [0]: USB, S/N: 801016479
T7A6C 10223:510.755 - 0.503ms returns 1
T7A6C 10223:510.798 JLINK_EMU_GetList(InterfaceMask = 0x00000002, MaxInfos = 0x00000032) 
T7A6C 10223:555.436 - 44.693ms returns 0
T7A6C 10224:598.684 JLINK_EMU_GetList(InterfaceMask = 0x00000001, MaxInfos = 0x00000032) 
T7A6C 10224:599.179   [0]: USB, S/N: 801016479
T7A6C 10224:599.188 - 0.506ms returns 1
T7A6C 10224:599.232 JLINK_EMU_GetList(InterfaceMask = 0x00000002, MaxInfos = 0x00000032) 
T7A6C 10224:643.906 - 44.685ms returns 0
T7A6C 10225:688.049 JLINK_EMU_GetList(InterfaceMask = 0x00000001, MaxInfos = 0x00000032) 
T7A6C 10225:688.570   [0]: USB, S/N: 801016479
T7A6C 10225:688.581 - 0.534ms returns 1
T7A6C 10225:688.626 JLINK_EMU_GetList(InterfaceMask = 0x00000002, MaxInfos = 0x00000032) 
T7A6C 10225:733.431 - 44.818ms returns 0
T7A6C 10226:775.817 JLINK_EMU_GetList(InterfaceMask = 0x00000001, MaxInfos = 0x00000032) 
T7A6C 10226:776.364   [0]: USB, S/N: 801016479
T7A6C 10226:776.374 - 0.559ms returns 1
T7A6C 10226:776.421 JLINK_EMU_GetList(InterfaceMask = 0x00000002, MaxInfos = 0x00000032) 
T7A6C 10226:820.990 - 44.586ms returns 0
T7A6C 10227:864.858 JLINK_EMU_GetList(InterfaceMask = 0x00000001, MaxInfos = 0x00000032) 
T7A6C 10227:865.420   [0]: USB, S/N: 801016479
T7A6C 10227:865.430 - 0.573ms returns 1
T7A6C 10227:865.473 JLINK_EMU_GetList(InterfaceMask = 0x00000002, MaxInfos = 0x00000032) 
T7A6C 10227:910.027 - 44.567ms returns 0
T7A6C 10228:950.358 JLINK_EMU_GetList(InterfaceMask = 0x00000001, MaxInfos = 0x00000032) 
T7A6C 10228:950.846   [0]: USB, S/N: 801016479
T7A6C 10228:950.856 - 0.500ms returns 1
T7A6C 10228:950.899 JLINK_EMU_GetList(InterfaceMask = 0x00000002, MaxInfos = 0x00000032) 
T7A6C 10228:996.119 - 45.232ms returns 0
T7A6C 10230:039.906 JLINK_EMU_GetList(InterfaceMask = 0x00000001, MaxInfos = 0x00000032) 
T7A6C 10230:040.398   [0]: USB, S/N: 801016479
T7A6C 10230:040.408 - 0.504ms returns 1
T7A6C 10230:040.451 JLINK_EMU_GetList(InterfaceMask = 0x00000002, MaxInfos = 0x00000032) 
T7A6C 10230:086.260 - 45.822ms returns 0
T7A6C 10231:128.498 JLINK_EMU_GetList(InterfaceMask = 0x00000001, MaxInfos = 0x00000032) 
T7A6C 10231:128.998   [0]: USB, S/N: 801016479
T7A6C 10231:129.008 - 0.512ms returns 1
T7A6C 10231:129.053 JLINK_EMU_GetList(InterfaceMask = 0x00000002, MaxInfos = 0x00000032) 
T7A6C 10231:173.640 - 44.599ms returns 0
T7A6C 10232:216.012 JLINK_EMU_GetList(InterfaceMask = 0x00000001, MaxInfos = 0x00000032) 
T7A6C 10232:216.502   [0]: USB, S/N: 801016479
T7A6C 10232:216.512 - 0.501ms returns 1
T7A6C 10232:216.555 JLINK_EMU_GetList(InterfaceMask = 0x00000002, MaxInfos = 0x00000032) 
T7A6C 10232:261.681 - 45.139ms returns 0
T7A6C 10233:300.677 JLINK_EMU_GetList(InterfaceMask = 0x00000001, MaxInfos = 0x00000032) 
T7A6C 10233:301.171   [0]: USB, S/N: 801016479
T7A6C 10233:301.181 - 0.505ms returns 1
T7A6C 10233:301.246 JLINK_EMU_GetList(InterfaceMask = 0x00000002, MaxInfos = 0x00000032) 
T7A6C 10233:346.263 - 45.029ms returns 0
T7A6C 10234:387.775 JLINK_EMU_GetList(InterfaceMask = 0x00000001, MaxInfos = 0x00000032) 
T7A6C 10234:388.266   [0]: USB, S/N: 801016479
T7A6C 10234:388.276 - 0.502ms returns 1
T7A6C 10234:388.319 JLINK_EMU_GetList(InterfaceMask = 0x00000002, MaxInfos = 0x00000032) 
T7A6C 10234:433.455 - 45.152ms returns 0
T7A6C 10235:477.015 JLINK_EMU_GetList(InterfaceMask = 0x00000001, MaxInfos = 0x00000032) 
T7A6C 10235:477.581   [0]: USB, S/N: 801016479
T7A6C 10235:477.590 - 0.577ms returns 1
T7A6C 10235:477.634 JLINK_EMU_GetList(InterfaceMask = 0x00000002, MaxInfos = 0x00000032) 
T7A6C 10235:523.039 - 45.419ms returns 0
T7A6C 10236:563.797 JLINK_EMU_GetList(InterfaceMask = 0x00000001, MaxInfos = 0x00000032) 
T7A6C 10236:564.381   [0]: USB, S/N: 801016479
T7A6C 10236:564.391 - 0.596ms returns 1
T7A6C 10236:564.435 JLINK_EMU_GetList(InterfaceMask = 0x00000002, MaxInfos = 0x00000032) 
T7A6C 10236:609.068 - 44.645ms returns 0
T7A6C 10237:652.559 JLINK_EMU_GetList(InterfaceMask = 0x00000001, MaxInfos = 0x00000032) 
T7A6C 10237:653.065   [0]: USB, S/N: 801016479
T7A6C 10237:653.075 - 0.518ms returns 1
T7A6C 10237:653.118 JLINK_EMU_GetList(InterfaceMask = 0x00000002, MaxInfos = 0x00000032) 
T7A6C 10237:698.176 - 45.071ms returns 0
T7A6C 10238:740.771 JLINK_EMU_GetList(InterfaceMask = 0x00000001, MaxInfos = 0x00000032) 
T7A6C 10238:741.262   [0]: USB, S/N: 801016479
T7A6C 10238:741.271 - 0.502ms returns 1
T7A6C 10238:741.314 JLINK_EMU_GetList(InterfaceMask = 0x00000002, MaxInfos = 0x00000032) 
T7A6C 10238:786.734 - 45.433ms returns 0
T7A6C 10239:829.009 JLINK_EMU_GetList(InterfaceMask = 0x00000001, MaxInfos = 0x00000032) 
T7A6C 10239:829.521   [0]: USB, S/N: 801016479
T7A6C 10239:829.531 - 0.524ms returns 1
T7A6C 10239:829.576 JLINK_EMU_GetList(InterfaceMask = 0x00000002, MaxInfos = 0x00000032) 
T7A6C 10239:874.446 - 44.883ms returns 0
T7A6C 10240:916.367 JLINK_EMU_GetList(InterfaceMask = 0x00000001, MaxInfos = 0x00000032) 
T7A6C 10240:916.858   [0]: USB, S/N: 801016479
T7A6C 10240:916.867 - 0.501ms returns 1
T7A6C 10240:916.909 JLINK_EMU_GetList(InterfaceMask = 0x00000002, MaxInfos = 0x00000032) 
T7A6C 10240:961.942 - 45.045ms returns 0
T7A6C 10242:005.611 JLINK_EMU_GetList(InterfaceMask = 0x00000001, MaxInfos = 0x00000032) 
T7A6C 10242:006.108   [0]: USB, S/N: 801016479
T7A6C 10242:006.118 - 0.509ms returns 1
T7A6C 10242:006.161 JLINK_EMU_GetList(InterfaceMask = 0x00000002, MaxInfos = 0x00000032) 
T7A6C 10242:051.074 - 44.953ms returns 0
T7A6C 10243:095.012 JLINK_EMU_GetList(InterfaceMask = 0x00000001, MaxInfos = 0x00000032) 
T7A6C 10243:095.554   [0]: USB, S/N: 801016479
T7A6C 10243:095.563 - 0.553ms returns 1
T7A6C 10243:095.607 JLINK_EMU_GetList(InterfaceMask = 0x00000002, MaxInfos = 0x00000032) 
T7A6C 10243:141.026 - 45.432ms returns 0
T7A6C 10244:184.943 JLINK_EMU_GetList(InterfaceMask = 0x00000001, MaxInfos = 0x00000032) 
T7A6C 10244:185.521   [0]: USB, S/N: 801016479
T7A6C 10244:185.532 - 0.591ms returns 1
T7A6C 10244:185.576 JLINK_EMU_GetList(InterfaceMask = 0x00000002, MaxInfos = 0x00000032) 
T7A6C 10244:230.254 - 44.690ms returns 0
T7A6C 10245:273.081 JLINK_EMU_GetList(InterfaceMask = 0x00000001, MaxInfos = 0x00000032) 
T7A6C 10245:273.629   [0]: USB, S/N: 801016479
T7A6C 10245:273.638 - 0.559ms returns 1
T7A6C 10245:273.683 JLINK_EMU_GetList(InterfaceMask = 0x00000002, MaxInfos = 0x00000032) 
T7A6C 10245:318.319 - 44.649ms returns 0
T7A6C 10246:360.511 JLINK_EMU_GetList(InterfaceMask = 0x00000001, MaxInfos = 0x00000032) 
T7A6C 10246:361.021   [0]: USB, S/N: 801016479
T7A6C 10246:361.031 - 0.522ms returns 1
T7A6C 10246:361.076 JLINK_EMU_GetList(InterfaceMask = 0x00000002, MaxInfos = 0x00000032) 
T7A6C 10246:405.718 - 44.659ms returns 0
T7A6C 10247:448.281 JLINK_EMU_GetList(InterfaceMask = 0x00000001, MaxInfos = 0x00000032) 
T7A6C 10247:448.869   [0]: USB, S/N: 801016479
T7A6C 10247:448.887 - 0.608ms returns 1
T7A6C 10247:448.950 JLINK_EMU_GetList(InterfaceMask = 0x00000002, MaxInfos = 0x00000032) 
T7A6C 10247:494.418 - 45.520ms returns 0
T7A6C 10248:539.031 JLINK_EMU_GetList(InterfaceMask = 0x00000001, MaxInfos = 0x00000032) 
T7A6C 10248:539.569   [0]: USB, S/N: 801016479
T7A6C 10248:539.579 - 0.550ms returns 1
T7A6C 10248:539.626 JLINK_EMU_GetList(InterfaceMask = 0x00000002, MaxInfos = 0x00000032) 
T7A6C 10248:584.241 - 44.630ms returns 0
T7A6C 10249:625.760 JLINK_EMU_GetList(InterfaceMask = 0x00000001, MaxInfos = 0x00000032) 
T7A6C 10249:626.266   [0]: USB, S/N: 801016479
T7A6C 10249:626.275 - 0.518ms returns 1
T7A6C 10249:626.320 JLINK_EMU_GetList(InterfaceMask = 0x00000002, MaxInfos = 0x00000032) 
T7A6C 10249:671.201 - 44.897ms returns 0
T7A6C 10250:717.176 JLINK_EMU_GetList(InterfaceMask = 0x00000001, MaxInfos = 0x00000032) 
T7A6C 10250:717.782   [0]: USB, S/N: 801016479
T7A6C 10250:717.794 - 0.619ms returns 1
T7A6C 10250:717.844 JLINK_EMU_GetList(InterfaceMask = 0x00000002, MaxInfos = 0x00000032) 
T7A6C 10250:763.571 - 45.746ms returns 0
T7A6C 10251:804.049 JLINK_EMU_GetList(InterfaceMask = 0x00000001, MaxInfos = 0x00000032) 
T7A6C 10251:804.590   [0]: USB, S/N: 801016479
T7A6C 10251:804.601 - 0.554ms returns 1
T7A6C 10251:804.649 JLINK_EMU_GetList(InterfaceMask = 0x00000002, MaxInfos = 0x00000032) 
T7A6C 10251:849.525 - 44.890ms returns 0
T7A6C 10252:891.777 JLINK_EMU_GetList(InterfaceMask = 0x00000001, MaxInfos = 0x00000032) 
T7A6C 10252:892.307   [0]: USB, S/N: 801016479
T7A6C 10252:892.317 - 0.542ms returns 1
T7A6C 10252:892.375 JLINK_EMU_GetList(InterfaceMask = 0x00000002, MaxInfos = 0x00000032) 
T7A6C 10252:938.339 - 45.984ms returns 0
T7A6C 10253:979.738 JLINK_EMU_GetList(InterfaceMask = 0x00000001, MaxInfos = 0x00000032) 
T7A6C 10253:980.323   [0]: USB, S/N: 801016479
T7A6C 10253:980.334 - 0.598ms returns 1
T7A6C 10253:980.380 JLINK_EMU_GetList(InterfaceMask = 0x00000002, MaxInfos = 0x00000032) 
T7A6C 10254:024.402 - 44.035ms returns 0
T7A6C 10255:064.223 JLINK_EMU_GetList(InterfaceMask = 0x00000001, MaxInfos = 0x00000032) 
T7A6C 10255:064.735   [0]: USB, S/N: 801016479
T7A6C 10255:064.745 - 0.524ms returns 1
T7A6C 10255:064.796 JLINK_EMU_GetList(InterfaceMask = 0x00000002, MaxInfos = 0x00000032) 
T7A6C 10255:109.871 - 45.091ms returns 0
