T9108 8639:762.549   SEGGER J-Link V6.94a Log File
T9108 8639:762.603   DLL Compiled: Jan 14 2021 11:47:39
T9108 8639:762.617   Logging started @ 2021-01-28 23:06
T9108 8639:762.629 - 45.607ms
T9108 8639:776.195 JLINK_ExecCommand("Device = AT91SAM4S8B", ...). 
T9108 8639:776.438   Device "ATSAM4S8B" selected.
T9108 8639:777.747 - 1.536ms returns 0x00
T9108 8639:777.769 JLINK_TIF_Select(JLINKARM_TIF_SWD)
T9108 8639:778.465 - 0.712ms returns 0x00
T9108 8639:778.490 JLINK_SetSpeed(4000)
T9108 8639:778.628 - 0.153ms
T9108 8639:778.653 JLINK_ResetPullsRESET(OFF)
T9108 8639:778.665 - 0.018ms
T9108 8639:778.678 JLINK_Connect()
T9108 8639:779.592   Found SW-DP with ID 0x2BA01477
T9108 8639:782.652   DPIDR: 0x2BA01477
T9108 8639:782.778   Scanning AP map to find all available APs
T9108 8639:783.572   AP[1]: Stopped AP scan as end of AP map has been reached
T9108 8639:783.588   AP[0]: AHB-AP (IDR: 0x24770011)
T9108 8639:783.629   Iterating through AP map to find AHB-AP to use
T9108 8639:784.561   AP[0]: Core found
T9108 8639:784.577   AP[0]: AHB-AP ROM base: 0xE00FF000
T9108 8639:785.009   CPUID register: 0x410FC241. Implementer code: 0x41 (ARM)
T9108 8639:785.022   Found Cortex-M4 r0p1, Little endian.
T9108 8639:886.836   -- Max. mem block: 0x000013C8
T9108 8639:887.034   CPU_ReadMem(4 bytes @ 0xE000EDF0)
T9108 8639:887.571   CPU_WriteMem(4 bytes @ 0xE000EDF0)
T9108 8639:887.974   CPU_ReadMem(4 bytes @ 0xE0002000)
T9108 8639:888.418   FPUnit: 6 code (BP) slots and 2 literal slots
T9108 8639:888.433   CPU_ReadMem(4 bytes @ 0xE000EDFC)
T9108 8639:888.792   CPU_WriteMem(4 bytes @ 0xE000EDFC)
T9108 8639:889.184   CPU_ReadMem(4 bytes @ 0xE0001000)
T9108 8639:889.550   CPU_WriteMem(4 bytes @ 0xE0001000)
T9108 8639:889.908   CPU_ReadMem(4 bytes @ 0xE000ED88)
T9108 8639:890.297   CPU_WriteMem(4 bytes @ 0xE000ED88)
T9108 8639:890.673   CPU_ReadMem(4 bytes @ 0xE000ED88)
T9108 8639:891.036   CPU_WriteMem(4 bytes @ 0xE000ED88)
T9108 8639:891.404   CoreSight components:
T9108 8639:891.419   ROMTbl[0] @ E00FF000
T9108 8639:891.426   CPU_ReadMem(64 bytes @ 0xE00FF000)
T9108 8639:892.181   CPU_ReadMem(32 bytes @ 0xE000EFE0)
T9108 8639:892.732   ROMTbl[0][0]: E000E000, CID: B105E00D, PID: 000BB000 SCS
T9108 8639:892.742   CPU_ReadMem(32 bytes @ 0xE0001FE0)
T9108 8639:893.221   ROMTbl[0][1]: E0001000, CID: B105E00D, PID: 003BB002 DWT
T9108 8639:893.232   CPU_ReadMem(32 bytes @ 0xE0002FE0)
T9108 8639:893.709   ROMTbl[0][2]: E0002000, CID: B105E00D, PID: 002BB003 FPB
T9108 8639:893.718   CPU_ReadMem(32 bytes @ 0xE0000FE0)
T9108 8639:894.233   ROMTbl[0][3]: E0000000, CID: B105E00D, PID: 003BB001 ITM
T9108 8639:894.242   CPU_ReadMem(32 bytes @ 0xE0040FE0)
T9108 8639:894.782   ROMTbl[0][4]: E0040000, CID: B105900D, PID: 000BB9A1 TPIU
T9108 8639:894.794 - 116.119ms returns 0x00
T9108 8639:894.840 JLINK_Halt()
T9108 8639:897.809 - 2.993ms returns 0x00
T9108 8639:897.946 JLINK_BeginDownload(Flags = 0x00000000)
T9108 8639:897.953 - 0.008ms
T9108 8639:897.967 JLINK_WriteMem(0x400E0A04, 0x4 Bytes, ...)
T9108 8639:897.972   Data:  0B 01 00 5A
T9108 8639:898.251   CPU_WriteMem(4 bytes @ 0x400E0A04)
T9108 8639:898.624 - 0.661ms returns 0x4
T9108 8639:898.647 JLINK_EndDownload()
T9108 8639:898.652 - 0.007ms returns 0 (0x0)
T9108 8639:898.658 JLINK_ReadMemHW(0x400E0A08, 0x0004 Bytes, ...)
T9108 8639:898.664   CPU_ReadMem(4 bytes @ 0x400E0A08)
T9108 8639:898.961   Data:  01 00 00 00
T9108 8639:898.972 - 0.316ms returns 0
T9108 8639:898.999 JLINK_SetResetType(JLINKARM_CM3_RESET_TYPE_NORMAL)
T9108 8639:899.005 - 0.008ms returns JLINKARM_CM3_RESET_TYPE_NORMAL
T9108 8639:899.010 JLINK_Reset()
T9108 8639:899.390   CPU_ReadMem(16 bytes @ 0x20000000)
T9108 8639:899.831   CPU_WriteMem(16 bytes @ 0x20000000)
T9108 8639:900.339   CPU_ReadMem(4 bytes @ 0xE000EDFC)
T9108 8639:900.738   CPU_WriteMem(4 bytes @ 0xE000EDFC)
T9108 8639:901.118   CPU_ReadMem(4 bytes @ 0xE0001000)
T9108 8639:916.881   CPU_WriteMem(4 bytes @ 0xE000EDFC)
T9108 8639:917.579   CPU_WriteMem(16 bytes @ 0x20000000)
T9108 8639:921.275   CPU_WriteMem(4 bytes @ 0xE0002000)
T9108 8639:921.840   CPU_ReadMem(4 bytes @ 0xE000EDFC)
T9108 8639:922.257   CPU_ReadMem(4 bytes @ 0xE0001000)
T9108 8639:922.636 - 23.632ms
T9108 8639:923.445 JLINK_JTAG_GetDeviceID(DeviceIndex = 0)
T9108 8639:923.454 - 0.010ms returns 0
T9108 8639:923.460 JLINK_ReadMemU32(0x400E0740, 0x1 Items)
T9108 8639:923.486   CPU_ReadMem(4 bytes @ 0x400E0740)
T9108 8639:923.843   Data:  E0 0A 9C 28
T9108 8639:923.854 - 0.396ms returns 1 (0x1)
T9108 8639:923.877 JLINK_ReadMemU32(0x400E0744, 0x1 Items)
T9108 8639:923.885   CPU_ReadMem(4 bytes @ 0x400E0744)
T9108 8639:924.226   Data:  00 00 00 00
T9108 8639:924.237 - 0.362ms returns 1 (0x1)
T9108 8639:930.099 JLINK_BeginDownload(Flags = 0x00000000)
T9108 8639:930.110 - 0.013ms
T9108 8639:930.123 JLINK_WriteMem(0x00400000, 0x16C8 Bytes, ...)
T9108 8639:930.128   Data:  08 35 00 20 F1 0C 40 00 B9 0D 40 00 B9 0D 40 00 ...
T9108 8639:930.445   completely In flash
T9108 8639:930.462    -- Read from flash cache (5832 bytes @ 0x00400000)
T9108 8639:930.469 - 0.348ms returns 0x16C8
T9108 8639:930.577 JLINK_WriteMem(0x004016C8, 0x8 Bytes, ...)
T9108 8639:930.584   Data:  88 FB FF 7F 01 00 00 00
T9108 8639:930.592   completely In flash
T9108 8639:930.599 - 0.024ms returns 0x8
T9108 8639:930.723 JLINK_WriteMem(0x004016D0, 0x444 Bytes, ...)
T9108 8639:930.731   Data:  BF F3 5F 8F 01 38 FB D1 70 47 00 00 01 00 00 00 ...
T9108 8639:930.753   completely In flash
T9108 8639:930.762    -- Read from flash cache (1092 bytes @ 0x004016D0)
T9108 8639:930.768 - 0.047ms returns 0x444
T9108 8639:932.505 JLINK_EndDownload()
T9108 8639:932.804   CPU_ReadMem(4 bytes @ 0xE000ED90)
T9108 8639:933.567   CPU_ReadMem(4 bytes @ 0xE000ED94)
T9108 8639:933.939    -- --------------------------------------
T9108 8639:933.998   Flash bank @ 0x00400000: Default: L2 verify disabled because algorithm performs L1 verify
T9108 8639:934.005    -- Start of determining dirty areas in flash cache
T9108 8639:934.082    -- End of determining dirty areas
T9108 8639:934.089    -- Start of preparing flash programming
T9108 8639:934.096    -- Calculating RAM usage
T9108 8639:934.116    -- RAM usage = 2892 Bytes
T9108 8639:934.122    -- Preserving CPU registers
T9108 8639:934.139    -- Preparing memory
T9108 8639:934.146    -- Preparing target
T9108 8640:092.656    -- Downloading RAMCode
T9108 8640:111.414    -- Preparing RAMCode
T9108 8640:117.458    -- Checking target RAM
T9108 8640:118.542    -- End of preparing flash programming
T9108 8640:118.691   Looking for J-Link GUI Server exe at: C:\Program Files (x86)\Atmel\Studio\7.0\atbackend\JLinkGUIServer.exe
T9108 8640:118.750   Looking for J-Link GUI Server exe at: C:\Program Files (x86)\SEGGER\JLink\JLinkGUIServer.exe
T9108 8640:118.783   Forking J-Link GUI Server: C:\Program Files (x86)\SEGGER\JLink\JLinkGUIServer.exe
T9108 8640:149.947   J-Link GUI Server info: "J-Link GUI server V6.94a "
T9108 8640:160.406    -- CPU is running at 90000 kHz.
T9108 8640:160.425    -- Start of comparing flash
T9108 8640:160.432    -- CRC check was estimated as fastest method
T9108 8640:213.842    -- Comparing range 0x400000 - 0x401BFF (14 Sectors, 7 KB), using multi-block CRC calculation
T9108 8640:221.992    -- CRC does not match for sectors 0-13
T9108 8640:222.010    -- End of comparing flash
T9108 8640:222.017    -- Start of erasing sectors
T9108 8640:222.024    -- End of erasing sectors
T9108 8640:222.030    -- Start of flash programming
T9108 8640:222.038    -- Programming range 0x00400000 - 0x00401BFF ( 14 Sectors, 7 KB)
T9108 8640:297.758    -- End of flash programming
T9108 8640:297.779    -- 0x400000 - 0x401BFF ( 14 Sectors, 7 KB)
T9108 8640:297.786    -- Start of restoring
T9108 8640:297.793    -- Restoring RAMCode
T9108 8640:309.397    -- Restore target
T9108 8640:360.969    -- Restore memory
T9108 8640:360.997    -- Restoring CPU registers
T9108 8640:361.015    -- End of restoring
T9108 8640:361.061    -- Bank 0 @ 0x00400000: 1 range affected (7168 bytes)
T9108 8640:361.077    -- Total: 0.426s (Prepare: 0.226s, Compare: 0.061s, Erase: 0.000s, Program & Verify: 0.083s, Restore: 0.055s)
T9108 8640:361.128    -- Program & Verify speed: 84 KB/s
T9108 8640:369.047 - 436.558ms returns 7168 (0x1C00)
T9108 8640:369.110 JLINK_SetResetType(JLINKARM_CM3_RESET_TYPE_NORMAL)
T9108 8640:369.117 - 0.008ms returns JLINKARM_CM3_RESET_TYPE_NORMAL
T9108 8640:369.122 JLINK_Reset()
T9108 8640:369.134   CPU_ReadMem(16 bytes @ 0x20000000)
T9108 8640:369.507   CPU_WriteMem(16 bytes @ 0x20000000)
T9108 8640:369.884   CPU_ReadMem(4 bytes @ 0xE000EDFC)
T9108 8640:370.187   CPU_WriteMem(4 bytes @ 0xE000EDFC)
T9108 8640:370.508   CPU_ReadMem(4 bytes @ 0xE0001000)
T9108 8640:386.851   CPU_WriteMem(4 bytes @ 0xE000EDFC)
T9108 8640:387.233   CPU_WriteMem(16 bytes @ 0x20000000)
T9108 8640:390.523   CPU_WriteMem(4 bytes @ 0xE0002000)
T9108 8640:390.907   CPU_ReadMem(4 bytes @ 0xE000EDFC)
T9108 8640:391.231   CPU_ReadMem(4 bytes @ 0xE0001000)
T9108 8640:391.610 - 22.495ms
T4EE0 8640:495.955 JLINK_Halt()
T4EE0 8640:495.976 - 0.022ms returns 0x00
T92D0 8640:535.984 JLINK_IsHalted()
T92D0 8640:536.006 - 0.024ms returns TRUE
T92D0 8640:536.014 JLINK_GetMOEs(...)
T92D0 8640:536.023   CPU_ReadMem(4 bytes @ 0xE000ED30)
T92D0 8640:536.470 - 0.463ms returns 0x01
T92D0 8640:536.484 JLINK_ReadReg(R15 (PC))
T92D0 8640:536.491 - 0.009ms returns 0x00400CF0
T4EE0 8640:536.685 JLINK_ReadReg(R15 (PC))
T4EE0 8640:536.697 - 0.014ms returns 0x00400CF0
T4EE0 8640:536.705 JLINK_ReadReg(R13 (SP))
T4EE0 8640:536.711 - 0.007ms returns 0x20003508
T4EE0 8640:540.323 JLINK_ReadMemHW(0x00400CF0, 0x0004 Bytes, ...)
T4EE0 8640:540.337   CPU_ReadMem(4 bytes @ 0x00400CF0)
T4EE0 8640:540.924   Data:  80 B5 84 B0
T4EE0 8640:540.934 - 0.613ms returns 0
T4EE0 8640:541.154 JLINK_ReadReg(R0)
T4EE0 8640:541.163 - 0.011ms returns 0x400E1400
T4EE0 8640:541.171 JLINK_ReadReg(R1)
T4EE0 8640:541.175 - 0.006ms returns 0x40C00000
T4EE0 8640:541.182 JLINK_ReadReg(R2)
T4EE0 8640:541.186 - 0.006ms returns 0xA5000005
T4EE0 8640:541.192 JLINK_ReadReg(R3)
T4EE0 8640:541.197 - 0.006ms returns 0x00000000
T4EE0 8640:541.203 JLINK_ReadReg(R4)
T4EE0 8640:541.208 - 0.006ms returns 0x00000000
T4EE0 8640:541.214 JLINK_ReadReg(R5)
T4EE0 8640:541.218 - 0.006ms returns 0x1C9C3800
T4EE0 8640:541.225 JLINK_ReadReg(R6)
T4EE0 8640:541.229 - 0.006ms returns 0x00000000
T4EE0 8640:541.235 JLINK_ReadReg(R7)
T4EE0 8640:541.240 - 0.006ms returns 0x200034D0
T4EE0 8640:541.246 JLINK_ReadReg(R8)
T4EE0 8640:541.250 - 0.006ms returns 0x1C9C3800
T4EE0 8640:541.256 JLINK_ReadReg(R9)
T4EE0 8640:541.261 - 0.006ms returns 0x00000000
T4EE0 8640:541.267 JLINK_ReadReg(R10)
T4EE0 8640:541.271 - 0.006ms returns 0x966C08A9
T4EE0 8640:541.277 JLINK_ReadReg(R11)
T4EE0 8640:541.282 - 0.006ms returns 0x4786C2AF
T4EE0 8640:541.288 JLINK_ReadReg(R12)
T4EE0 8640:541.292 - 0.006ms returns 0x0000435B
T4EE0 8640:541.298 JLINK_ReadReg(R13 (SP))
T4EE0 8640:541.303 - 0.006ms returns 0x20003508
T4EE0 8640:541.309 JLINK_ReadReg(R14)
T4EE0 8640:541.313 - 0.006ms returns 0xFFFFFFFF
T4EE0 8640:541.319 JLINK_ReadReg(R15 (PC))
T4EE0 8640:541.324 - 0.006ms returns 0x00400CF0
T4EE0 8640:541.336 JLINK_ReadReg(XPSR)
T4EE0 8640:541.341 - 0.006ms returns 0x01000000
T4EE0 8640:541.347 JLINK_ReadReg(MSP)
T4EE0 8640:541.352 - 0.006ms returns 0x20003508
T4EE0 8640:541.358 JLINK_ReadReg(PSP)
T4EE0 8640:541.362 - 0.006ms returns 0x335F6618
T4EE0 8640:541.368 JLINK_ReadReg(PRIMASK)
T4EE0 8640:541.373 - 0.006ms returns 0x00000000
T4EE0 8640:541.379 JLINK_ReadReg(BASEPRI)
T4EE0 8640:541.384 - 0.006ms returns 0x00000000
T4EE0 8640:541.390 JLINK_ReadReg(FAULTMASK)
T4EE0 8640:541.394 - 0.006ms returns 0x00000000
T4EE0 8640:541.401 JLINK_ReadReg(CONTROL)
T4EE0 8640:541.405 - 0.006ms returns 0x00000000
T4EE0 8640:541.644 JLINK_ReadMemHW(0x00400CF0, 0x0002 Bytes, ...)
T4EE0 8640:541.654   CPU_ReadMem(2 bytes @ 0x00400CF0)
T4EE0 8640:542.071   Data:  80 B5
T4EE0 8640:542.081 - 0.439ms returns 0
T4EE0 8640:552.444 JLINK_ReadReg(R0)
T4EE0 8640:552.467 - 0.024ms returns 0x400E1400
T4EE0 8640:552.476 JLINK_ReadReg(R1)
T4EE0 8640:552.486 - 0.012ms returns 0x40C00000
T4EE0 8640:552.493 JLINK_ReadReg(R2)
T4EE0 8640:552.498 - 0.006ms returns 0xA5000005
T4EE0 8640:552.504 JLINK_ReadReg(R3)
T4EE0 8640:552.508 - 0.006ms returns 0x00000000
T4EE0 8640:552.515 JLINK_ReadReg(R4)
T4EE0 8640:552.519 - 0.006ms returns 0x00000000
T4EE0 8640:552.526 JLINK_ReadReg(R5)
T4EE0 8640:552.530 - 0.006ms returns 0x1C9C3800
T4EE0 8640:552.536 JLINK_ReadReg(R6)
T4EE0 8640:552.541 - 0.006ms returns 0x00000000
T4EE0 8640:552.547 JLINK_ReadReg(R7)
T4EE0 8640:552.551 - 0.006ms returns 0x200034D0
T4EE0 8640:552.558 JLINK_ReadReg(R8)
T4EE0 8640:552.562 - 0.006ms returns 0x1C9C3800
T4EE0 8640:552.568 JLINK_ReadReg(R9)
T4EE0 8640:552.573 - 0.006ms returns 0x00000000
T4EE0 8640:552.579 JLINK_ReadReg(R10)
T4EE0 8640:552.583 - 0.006ms returns 0x966C08A9
T4EE0 8640:552.589 JLINK_ReadReg(R11)
T4EE0 8640:552.594 - 0.006ms returns 0x4786C2AF
T4EE0 8640:552.600 JLINK_ReadReg(R12)
T4EE0 8640:552.604 - 0.006ms returns 0x0000435B
T4EE0 8640:552.611 JLINK_ReadReg(R13 (SP))
T4EE0 8640:552.615 - 0.006ms returns 0x20003508
T4EE0 8640:552.622 JLINK_ReadReg(R14)
T4EE0 8640:552.626 - 0.006ms returns 0xFFFFFFFF
T4EE0 8640:552.632 JLINK_ReadReg(R15 (PC))
T4EE0 8640:552.637 - 0.006ms returns 0x00400CF0
T4EE0 8640:552.650 JLINK_ReadReg(XPSR)
T4EE0 8640:552.654 - 0.006ms returns 0x01000000
T4EE0 8640:552.661 JLINK_ReadReg(MSP)
T4EE0 8640:552.665 - 0.006ms returns 0x20003508
T4EE0 8640:552.671 JLINK_ReadReg(PSP)
T4EE0 8640:552.676 - 0.006ms returns 0x335F6618
T4EE0 8640:552.682 JLINK_ReadReg(PRIMASK)
T4EE0 8640:552.687 - 0.006ms returns 0x00000000
T4EE0 8640:552.693 JLINK_ReadReg(BASEPRI)
T4EE0 8640:552.697 - 0.006ms returns 0x00000000
T4EE0 8640:552.704 JLINK_ReadReg(FAULTMASK)
T4EE0 8640:552.708 - 0.006ms returns 0x00000000
T4EE0 8640:552.714 JLINK_ReadReg(CONTROL)
T4EE0 8640:552.719 - 0.006ms returns 0x00000000
T4EE0 8640:557.162 JLINK_ReadMemHW(0x00400CF0, 0x0004 Bytes, ...)
T4EE0 8640:557.180   CPU_ReadMem(4 bytes @ 0x00400CF0)
T4EE0 8640:557.659   Data:  80 B5 84 B0
T4EE0 8640:557.670 - 0.511ms returns 0
T4EE0 8640:579.169 JLINK_SetResetType(JLINKARM_CM3_RESET_TYPE_NORMAL)
T4EE0 8640:579.194 - 0.030ms returns JLINKARM_CM3_RESET_TYPE_NORMAL
T4EE0 8640:579.207 JLINK_Reset()
T4EE0 8640:579.234   CPU_ReadMem(16 bytes @ 0x20000000)
T4EE0 8640:579.720   CPU_WriteMem(16 bytes @ 0x20000000)
T4EE0 8640:580.239   CPU_ReadMem(4 bytes @ 0xE000EDFC)
T4EE0 8640:580.650   CPU_WriteMem(4 bytes @ 0xE000EDFC)
T4EE0 8640:581.077   CPU_ReadMem(4 bytes @ 0xE0001000)
T4EE0 8640:581.374   CPU_WriteMem(4 bytes @ 0xE000ED30)
T4EE0 8640:581.753   CPU_WriteMem(4 bytes @ 0xE0001004)
T4EE0 8640:596.795   CPU_WriteMem(4 bytes @ 0xE000EDFC)
T4EE0 8640:597.286   CPU_WriteMem(16 bytes @ 0x20000000)
T4EE0 8640:601.122   CPU_WriteMem(4 bytes @ 0xE0002000)
T4EE0 8640:601.692   CPU_ReadMem(4 bytes @ 0xE000EDFC)
T4EE0 8640:602.257   CPU_ReadMem(4 bytes @ 0xE0001000)
T4EE0 8640:602.624 - 23.430ms
T92D0 8640:602.730 JLINK_IsHalted()
T92D0 8640:602.745 - 0.017ms returns TRUE
T92D0 8640:602.752 JLINK_GetMOEs(...)
T92D0 8640:602.759   CPU_ReadMem(4 bytes @ 0xE000ED30)
T92D0 8640:603.142 - 0.400ms returns 0x01
T92D0 8640:603.159 JLINK_ReadReg(R15 (PC))
T92D0 8640:603.167 - 0.010ms returns 0x00400CF0
T4EE0 8640:612.857 JLINK_ReadReg(R15 (PC))
T4EE0 8640:612.885 - 0.030ms returns 0x00400CF0
T4EE0 8640:612.897 JLINK_ReadReg(R13 (SP))
T4EE0 8640:612.905 - 0.010ms returns 0x20003508
T4EE0 8640:613.313 JLINK_ReadMemHW(0x00400CF0, 0x0004 Bytes, ...)
T4EE0 8640:613.337   CPU_ReadMem(4 bytes @ 0x00400CF0)
T4EE0 8640:613.948   Data:  80 B5 84 B0
T4EE0 8640:613.972 - 0.661ms returns 0
T4EE0 8640:638.843 JLINK_ReadMemHW(0x004010FC, 0x0001 Bytes, ...)
T4EE0 8640:638.863   CPU_ReadMem(1 bytes @ 0x004010FC)
T4EE0 8640:639.464   Data:  2D
T4EE0 8640:639.478 - 0.637ms returns 0
T4EE0 8640:662.878 JLINK_ReadReg(R15 (PC))
T4EE0 8640:662.893 - 0.017ms returns 0x00400CF0
T4EE0 8640:662.977 JLINK_GetNumBPUnits(Type = 0xFFFFFF02)
T4EE0 8640:662.987 - 0.042ms returns 0x06
T4EE0 8640:663.025 JLINK_SetBPEx(Addr = 0x004010FC, Type = 0xFFFFFFF2)
T4EE0 8640:663.032 - 0.009ms returns 0x00000001
T4EE0 8640:663.037 JLINK_GetBPInfo(BPHandle = 1)
T4EE0 8640:663.041 - 0.006ms returns 0x0
T4EE0 8640:663.118 JLINK_Go()
T4EE0 8640:663.134   CPU_WriteMem(4 bytes @ 0xE0002000)
T4EE0 8640:663.643   CPU_ReadMem(4 bytes @ 0xE0001000)
T4EE0 8640:664.078   CPU_WriteMem(4 bytes @ 0xE000ED30)
T4EE0 8640:664.565   CPU_WriteMem(4 bytes @ 0xE0002008)
T4EE0 8640:664.578   CPU_WriteMem(4 bytes @ 0xE000200C)
T4EE0 8640:664.584   CPU_WriteMem(4 bytes @ 0xE0002010)
T4EE0 8640:664.590   CPU_WriteMem(4 bytes @ 0xE0002014)
T4EE0 8640:664.596   CPU_WriteMem(4 bytes @ 0xE0002018)
T4EE0 8640:664.602   CPU_WriteMem(4 bytes @ 0xE000201C)
T4EE0 8640:666.139   CPU_WriteMem(4 bytes @ 0xE0001004)
T4EE0 8640:667.113 - 4.003ms
T92D0 8640:667.137 JLINK_IsHalted()
T92D0 8640:667.546 - 0.414ms returns FALSE
T92D0 8640:687.533 JLINK_IsHalted()
T92D0 8640:690.629 - 3.104ms returns TRUE
T92D0 8640:690.643 JLINK_GetMOEs(...)
T92D0 8640:690.651   CPU_ReadMem(4 bytes @ 0xE000ED30)
T92D0 8640:691.013 - 0.373ms returns 0x01
T92D0 8640:691.021 JLINK_ReadReg(R15 (PC))
T92D0 8640:691.028 - 0.008ms returns 0x004010FC
T4EE0 8640:697.549 JLINK_ReadReg(R15 (PC))
T4EE0 8640:697.566 - 0.019ms returns 0x004010FC
T4EE0 8640:697.575 JLINK_ReadReg(R13 (SP))
T4EE0 8640:697.580 - 0.007ms returns 0x200034F0
T4EE0 8640:697.869 JLINK_ReadMemHW(0x004010FC, 0x0004 Bytes, ...)
T4EE0 8640:697.884   CPU_ReadMem(4 bytes @ 0x004010FC)
T4EE0 8640:698.305   Data:  2D E9 F0 4B
T4EE0 8640:698.316 - 0.449ms returns 0
T4EE0 8640:709.739 JLINK_WriteU32_64(0xE000EDFC, 0x01000000)
T4EE0 8640:709.756   Debug reg: DEMCR
T4EE0 8640:710.059   CPU_WriteMem(4 bytes @ 0xE000EDFC)
T4EE0 8640:710.481 - 0.749ms returns 0 (0x00000000)
T4EE0 8640:710.495 JLINK_ReadMem(0xE0001000, 0x4 Bytes, ...)
T4EE0 8640:710.504   CPU_ReadMem(4 bytes @ 0xE0001000)
T4EE0 8640:710.903   Data:  01 00 00 40
T4EE0 8640:710.914   Debug reg: DWT_CTRL
T4EE0 8640:710.920 - 0.427ms returns 0
T4EE0 8640:710.948 JLINK_WriteU32_64(0xE0001000, 0x40000001)
T4EE0 8640:710.954   Debug reg: DWT_CTRL
T4EE0 8640:710.964 - 0.018ms returns 0 (0x00000000)
T4EE0 8640:710.976 JLINK_WriteU32_64(0xE0001028, 0x00000100)
T4EE0 8640:710.981   Debug reg: DWT_FUNC[0]
T4EE0 8640:710.989 - 0.015ms returns 0 (0x00000000)
T4EE0 8640:710.995 JLINK_ReadMem(0xE0001028, 0x4 Bytes, ...)
T4EE0 8640:711.001   CPU_WriteMem(4 bytes @ 0xE0001028)
T4EE0 8640:711.425   CPU_ReadMem(4 bytes @ 0xE0001028)
T4EE0 8640:711.839   Data:  00 00 00 00
T4EE0 8640:711.851   Debug reg: DWT_FUNC[0]
T4EE0 8640:711.856 - 0.864ms returns 0
T4EE0 8640:711.883 JLINK_WriteU32_64(0xE0001024, 0x0000001F)
T4EE0 8640:711.890   Debug reg: DWT_MASK[0]
T4EE0 8640:711.899 - 0.018ms returns 0 (0x00000000)
T4EE0 8640:711.905 JLINK_ReadMem(0xE0001024, 0x4 Bytes, ...)
T4EE0 8640:711.911   CPU_WriteMem(4 bytes @ 0xE0001024)
T4EE0 8640:712.323   CPU_ReadMem(4 bytes @ 0xE0001024)
T4EE0 8640:712.810   Data:  0F 00 00 00
T4EE0 8640:712.821   Debug reg: DWT_MASK[0]
T4EE0 8640:712.827 - 0.924ms returns 0
T4EE0 8640:712.856 JLINK_WriteU32_64(0xE0001038, 0x00000100)
T4EE0 8640:712.862   Debug reg: DWT_FUNC[1]
T4EE0 8640:712.872 - 0.017ms returns 0 (0x00000000)
T4EE0 8640:712.877 JLINK_ReadMem(0xE0001038, 0x4 Bytes, ...)
T4EE0 8640:712.884   CPU_WriteMem(4 bytes @ 0xE0001038)
T4EE0 8640:713.260   CPU_ReadMem(4 bytes @ 0xE0001038)
T4EE0 8640:713.658   Data:  00 03 00 00
T4EE0 8640:713.669   Debug reg: DWT_FUNC[1]
T4EE0 8640:713.675 - 0.800ms returns 0
T4EE0 8640:713.702 JLINK_WriteU32_64(0xE0001034, 0x0000001F)
T4EE0 8640:713.708   Debug reg: DWT_MASK[1]
T4EE0 8640:713.718 - 0.017ms returns 0 (0x00000000)
T4EE0 8640:713.723 JLINK_ReadMem(0xE0001034, 0x4 Bytes, ...)
T4EE0 8640:713.730   CPU_WriteMem(4 bytes @ 0xE0001034)
T4EE0 8640:714.094   CPU_ReadMem(4 bytes @ 0xE0001034)
T4EE0 8640:714.584   Data:  0F 00 00 00
T4EE0 8640:714.597   Debug reg: DWT_MASK[1]
T4EE0 8640:714.603 - 0.881ms returns 0
T4EE0 8640:714.637 JLINK_WriteU32_64(0xE0001048, 0x00000100)
T4EE0 8640:714.646   Debug reg: DWT_FUNC[2]
T4EE0 8640:714.655 - 0.021ms returns 0 (0x00000000)
T4EE0 8640:714.661 JLINK_ReadMem(0xE0001048, 0x4 Bytes, ...)
T4EE0 8640:714.668   CPU_WriteMem(4 bytes @ 0xE0001048)
T4EE0 8640:715.062   CPU_ReadMem(4 bytes @ 0xE0001048)
T4EE0 8640:715.555   Data:  00 00 00 00
T4EE0 8640:715.566   Debug reg: DWT_FUNC[2]
T4EE0 8640:715.572 - 0.913ms returns 0
T4EE0 8640:715.599 JLINK_WriteU32_64(0xE0001044, 0x0000001F)
T4EE0 8640:715.605   Debug reg: DWT_MASK[2]
T4EE0 8640:715.614 - 0.017ms returns 0 (0x00000000)
T4EE0 8640:715.620 JLINK_ReadMem(0xE0001044, 0x4 Bytes, ...)
T4EE0 8640:715.626   CPU_WriteMem(4 bytes @ 0xE0001044)
T4EE0 8640:716.230   CPU_ReadMem(4 bytes @ 0xE0001044)
T4EE0 8640:716.619   Data:  0F 00 00 00
T4EE0 8640:716.630   Debug reg: DWT_MASK[2]
T4EE0 8640:716.636 - 1.018ms returns 0
T4EE0 8640:716.664 JLINK_WriteU32_64(0xE0001058, 0x00000100)
T4EE0 8640:716.670   Debug reg: DWT_FUNC[3]
T4EE0 8640:716.680 - 0.018ms returns 0 (0x00000000)
T4EE0 8640:716.686 JLINK_ReadMem(0xE0001058, 0x4 Bytes, ...)
T4EE0 8640:716.692   CPU_WriteMem(4 bytes @ 0xE0001058)
T4EE0 8640:717.094   CPU_ReadMem(4 bytes @ 0xE0001058)
T4EE0 8640:717.546   Data:  00 00 00 00
T4EE0 8640:717.559   Debug reg: DWT_FUNC[3]
T4EE0 8640:717.565 - 0.881ms returns 0
T4EE0 8640:717.595 JLINK_WriteU32_64(0xE0001054, 0x0000001F)
T4EE0 8640:717.601   Debug reg: DWT_MASK[3]
T4EE0 8640:717.611 - 0.018ms returns 0 (0x00000000)
T4EE0 8640:717.617 JLINK_ReadMem(0xE0001054, 0x4 Bytes, ...)
T4EE0 8640:717.623   CPU_WriteMem(4 bytes @ 0xE0001054)
T4EE0 8640:717.911   CPU_ReadMem(4 bytes @ 0xE0001054)
T4EE0 8640:718.258   Data:  0F 00 00 00
T4EE0 8640:718.269   Debug reg: DWT_MASK[3]
T4EE0 8640:718.275 - 0.660ms returns 0
T4EE0 8640:718.306 JLINK_WriteU32_64(0xE0001020, 0x00000000)
T4EE0 8640:718.312   Debug reg: DWT_COMP[0]
T4EE0 8640:718.321 - 0.017ms returns 0 (0x00000000)
T4EE0 8640:718.331 JLINK_WriteU32_64(0xE0001024, 0x00000000)
T4EE0 8640:718.336   Debug reg: DWT_MASK[0]
T4EE0 8640:718.343 - 0.014ms returns 0 (0x00000000)
T4EE0 8640:718.353 JLINK_WriteU32_64(0xE0001028, 0x00000000)
T4EE0 8640:718.358   Debug reg: DWT_FUNC[0]
T4EE0 8640:718.365 - 0.013ms returns 0 (0x00000000)
T4EE0 8640:718.375 JLINK_WriteU32_64(0xE0001030, 0x00000000)
T4EE0 8640:718.379   Debug reg: DWT_COMP[1]
T4EE0 8640:718.386 - 0.014ms returns 0 (0x00000000)
T4EE0 8640:718.398 JLINK_WriteU32_64(0xE0001034, 0x00000000)
T4EE0 8640:718.403   Debug reg: DWT_MASK[1]
T4EE0 8640:718.410 - 0.014ms returns 0 (0x00000000)
T4EE0 8640:718.419 JLINK_WriteU32_64(0xE0001038, 0x00000000)
T4EE0 8640:718.424   Debug reg: DWT_FUNC[1]
T4EE0 8640:718.431 - 0.014ms returns 0 (0x00000000)
T4EE0 8640:718.442 JLINK_WriteU32_64(0xE0001040, 0x00000000)
T4EE0 8640:718.447   Debug reg: DWT_COMP[2]
T4EE0 8640:718.454 - 0.014ms returns 0 (0x00000000)
T4EE0 8640:718.463 JLINK_WriteU32_64(0xE0001044, 0x00000000)
T4EE0 8640:718.468   Debug reg: DWT_MASK[2]
T4EE0 8640:718.475 - 0.014ms returns 0 (0x00000000)
T4EE0 8640:718.484 JLINK_WriteU32_64(0xE0001048, 0x00000000)
T4EE0 8640:718.489   Debug reg: DWT_FUNC[2]
T4EE0 8640:718.496 - 0.013ms returns 0 (0x00000000)
T4EE0 8640:718.505 JLINK_WriteU32_64(0xE0001050, 0x00000000)
T4EE0 8640:718.518   Debug reg: DWT_COMP[3]
T4EE0 8640:718.525 - 0.022ms returns 0 (0x00000000)
T4EE0 8640:718.536 JLINK_WriteU32_64(0xE0001054, 0x00000000)
T4EE0 8640:718.541   Debug reg: DWT_MASK[3]
T4EE0 8640:718.548 - 0.014ms returns 0 (0x00000000)
T4EE0 8640:718.559 JLINK_WriteU32_64(0xE0001058, 0x00000000)
T4EE0 8640:718.564   Debug reg: DWT_FUNC[3]
T4EE0 8640:718.571 - 0.014ms returns 0 (0x00000000)
T4EE0 8640:718.578 JLINK_GetBPInfo(BPHandle = 1)
T4EE0 8640:718.582 - 0.006ms returns 0x0
T4EE0 8640:718.587 JLINK_ClrBPEx(BPHandle = 0x00000001)
T4EE0 8640:718.592 - 0.007ms returns 0x00
T4EE0 8640:718.617 JLINK_ReadReg(R15 (PC))
T4EE0 8640:718.623 - 0.008ms returns 0x004010FC
T4EE0 8640:718.727 JLINK_Go()
T4EE0 8640:718.742   CPU_WriteMem(4 bytes @ 0xE0001000)
T4EE0 8640:719.089   CPU_ReadMem(4 bytes @ 0xE0001000)
T4EE0 8640:719.486   CPU_WriteMem(4 bytes @ 0xE000ED30)
T4EE0 8640:719.856   CPU_WriteMem(4 bytes @ 0xE0001020)
T4EE0 8640:719.867   CPU_WriteMem(4 bytes @ 0xE0001030)
T4EE0 8640:719.873   CPU_WriteMem(4 bytes @ 0xE0001040)
T4EE0 8640:719.879   CPU_WriteMem(4 bytes @ 0xE0001050)
T4EE0 8640:719.885   CPU_WriteMem(4 bytes @ 0xE0001024)
T4EE0 8640:719.891   CPU_WriteMem(4 bytes @ 0xE0001034)
T4EE0 8640:719.898   CPU_WriteMem(4 bytes @ 0xE0001044)
T4EE0 8640:719.904   CPU_WriteMem(4 bytes @ 0xE0001054)
T4EE0 8640:719.910   CPU_WriteMem(4 bytes @ 0xE0001028)
T4EE0 8640:719.916   CPU_WriteMem(4 bytes @ 0xE0001038)
T4EE0 8640:719.922   CPU_WriteMem(4 bytes @ 0xE0001048)
T4EE0 8640:719.928   CPU_WriteMem(4 bytes @ 0xE0001058)
T4EE0 8640:719.934   CPU_WriteMem(4 bytes @ 0xE0002008)
T4EE0 8640:723.650 - 4.954ms
T92D0 8640:723.733 JLINK_IsHalted()
T92D0 8640:724.096 - 0.370ms returns FALSE
T92D0 8640:763.724 JLINK_IsHalted()
T92D0 8640:764.314 - 0.597ms returns FALSE
T92D0 8640:924.528 JLINK_IsHalted()
T92D0 8640:925.146 - 0.635ms returns FALSE
T92D0 8641:125.546 JLINK_IsHalted()
T92D0 8641:126.264 - 0.737ms returns FALSE
T92D0 8641:327.801 JLINK_IsHalted()
T92D0 8641:328.499 - 0.716ms returns FALSE
T92D0 8641:528.875 JLINK_IsHalted()
T92D0 8641:529.321 - 0.453ms returns FALSE
T92D0 8641:730.045 JLINK_IsHalted()
T92D0 8641:730.776 - 0.749ms returns FALSE
T92D0 8641:931.264 JLINK_IsHalted()
T92D0 8641:931.650 - 0.390ms returns FALSE
T92D0 8642:131.802 JLINK_IsHalted()
T92D0 8642:132.382 - 0.599ms returns FALSE
T92D0 8642:332.192 JLINK_IsHalted()
T92D0 8642:332.696 - 0.512ms returns FALSE
T92D0 8642:532.853 JLINK_IsHalted()
T92D0 8642:533.573 - 0.741ms returns FALSE
T92D0 8642:732.900 JLINK_IsHalted()
T92D0 8642:733.598 - 0.720ms returns FALSE
T92D0 8642:933.940 JLINK_IsHalted()
T92D0 8642:934.615 - 0.694ms returns FALSE
T92D0 8643:135.574 JLINK_IsHalted()
T92D0 8643:136.012 - 0.446ms returns FALSE
T92D0 8643:335.955 JLINK_IsHalted()
T92D0 8643:336.289 - 0.343ms returns FALSE
T92D0 8643:536.068 JLINK_IsHalted()
T92D0 8643:536.795 - 0.745ms returns FALSE
T92D0 8643:738.648 JLINK_IsHalted()
T92D0 8643:739.011 - 0.369ms returns FALSE
T92D0 8643:939.648 JLINK_IsHalted()
T92D0 8643:940.258 - 0.616ms returns FALSE
T92D0 8644:139.777 JLINK_IsHalted()
T92D0 8644:140.469 - 0.715ms returns FALSE
T92D0 8644:340.769 JLINK_IsHalted()
T92D0 8644:341.136 - 0.375ms returns FALSE
T92D0 8644:541.296 JLINK_IsHalted()
T92D0 8644:542.047 - 0.769ms returns FALSE
T92D0 8644:741.589 JLINK_IsHalted()
T92D0 8644:742.310 - 0.746ms returns FALSE
T92D0 8644:942.871 JLINK_IsHalted()
T92D0 8644:943.651 - 0.817ms returns FALSE
T92D0 8645:144.258 JLINK_IsHalted()
T92D0 8645:144.799 - 0.548ms returns FALSE
T92D0 8645:344.783 JLINK_IsHalted()
T92D0 8645:345.183 - 0.406ms returns FALSE
T92D0 8645:545.078 JLINK_IsHalted()
T92D0 8645:545.513 - 0.442ms returns FALSE
T92D0 8645:746.374 JLINK_IsHalted()
T92D0 8645:747.057 - 0.702ms returns FALSE
T92D0 8645:946.587 JLINK_IsHalted()
T92D0 8645:947.419 - 0.853ms returns FALSE
T92D0 8646:149.012 JLINK_IsHalted()
T92D0 8646:149.441 - 0.435ms returns FALSE
T92D0 8646:349.314 JLINK_IsHalted()
T92D0 8646:350.039 - 0.744ms returns FALSE
T92D0 8646:550.112 JLINK_IsHalted()
T92D0 8646:550.518 - 0.414ms returns FALSE
T92D0 8646:750.649 JLINK_IsHalted()
T92D0 8646:751.139 - 0.494ms returns FALSE
T92D0 8646:951.385 JLINK_IsHalted()
T92D0 8646:951.979 - 0.613ms returns FALSE
T92D0 8647:152.107 JLINK_IsHalted()
T92D0 8647:152.822 - 0.735ms returns FALSE
T92D0 8647:353.479 JLINK_IsHalted()
T92D0 8647:353.905 - 0.433ms returns FALSE
T92D0 8647:553.491 JLINK_IsHalted()
T92D0 8647:553.904 - 0.419ms returns FALSE
T92D0 8647:754.432 JLINK_IsHalted()
T92D0 8647:755.115 - 0.701ms returns FALSE
T92D0 8647:956.469 JLINK_IsHalted()
T92D0 8647:956.982 - 0.524ms returns FALSE
T92D0 8648:156.811 JLINK_IsHalted()
T92D0 8648:157.533 - 0.741ms returns FALSE
T92D0 8648:358.399 JLINK_IsHalted()
T92D0 8648:358.990 - 0.607ms returns FALSE
T92D0 8648:559.124 JLINK_IsHalted()
T92D0 8648:559.893 - 0.788ms returns FALSE
T92D0 8648:760.061 JLINK_IsHalted()
T92D0 8648:760.771 - 0.733ms returns FALSE
T92D0 8648:962.397 JLINK_IsHalted()
T92D0 8648:962.843 - 0.450ms returns FALSE
T92D0 8649:163.228 JLINK_IsHalted()
T92D0 8649:163.982 - 0.772ms returns FALSE
T92D0 8649:364.131 JLINK_IsHalted()
T92D0 8649:364.831 - 0.719ms returns FALSE
T92D0 8649:564.435 JLINK_IsHalted()
T92D0 8649:564.893 - 0.468ms returns FALSE
T92D0 8649:765.325 JLINK_IsHalted()
T92D0 8649:765.774 - 0.456ms returns FALSE
T92D0 8649:965.832 JLINK_IsHalted()
T92D0 8649:966.271 - 0.445ms returns FALSE
T92D0 8650:166.467 JLINK_IsHalted()
T92D0 8650:167.199 - 0.752ms returns FALSE
T92D0 8650:367.827 JLINK_IsHalted()
T92D0 8650:368.317 - 0.503ms returns FALSE
T92D0 8650:568.580 JLINK_IsHalted()
T92D0 8650:569.301 - 0.740ms returns FALSE
T92D0 8650:769.763 JLINK_IsHalted()
T92D0 8650:770.254 - 0.495ms returns FALSE
T92D0 8650:969.854 JLINK_IsHalted()
T92D0 8650:970.404 - 0.560ms returns FALSE
T92D0 8651:169.932 JLINK_IsHalted()
T92D0 8651:170.568 - 0.655ms returns FALSE
T92D0 8651:370.051 JLINK_IsHalted()
T92D0 8651:370.776 - 0.744ms returns FALSE
T92D0 8651:570.769 JLINK_IsHalted()
T92D0 8651:571.166 - 0.403ms returns FALSE
T92D0 8651:772.686 JLINK_IsHalted()
T92D0 8651:773.183 - 0.503ms returns FALSE
T92D0 8651:972.805 JLINK_IsHalted()
T92D0 8651:973.317 - 0.517ms returns FALSE
T92D0 8652:172.845 JLINK_IsHalted()
T92D0 8652:173.422 - 0.590ms returns FALSE
T92D0 8652:373.405 JLINK_IsHalted()
T92D0 8652:373.885 - 0.492ms returns FALSE
T92D0 8652:574.130 JLINK_IsHalted()
T92D0 8652:574.642 - 0.526ms returns FALSE
T92D0 8652:774.133 JLINK_IsHalted()
T92D0 8652:774.557 - 0.432ms returns FALSE
T92D0 8652:974.671 JLINK_IsHalted()
T92D0 8652:975.112 - 0.451ms returns FALSE
T92D0 8653:175.666 JLINK_IsHalted()
T92D0 8653:176.342 - 0.699ms returns FALSE
T92D0 8653:377.367 JLINK_IsHalted()
T92D0 8653:378.063 - 0.718ms returns FALSE
T92D0 8653:579.502 JLINK_IsHalted()
T92D0 8653:580.240 - 0.757ms returns FALSE
T92D0 8653:779.612 JLINK_IsHalted()
T92D0 8653:780.329 - 0.740ms returns FALSE
T92D0 8653:982.103 JLINK_IsHalted()
T92D0 8653:982.676 - 0.579ms returns FALSE
T92D0 8654:182.424 JLINK_IsHalted()
T92D0 8654:183.120 - 0.715ms returns FALSE
T92D0 8654:383.089 JLINK_IsHalted()
T92D0 8654:383.657 - 0.587ms returns FALSE
T92D0 8654:584.047 JLINK_IsHalted()
T92D0 8654:584.519 - 0.498ms returns FALSE
T92D0 8654:784.126 JLINK_IsHalted()
T92D0 8654:784.821 - 0.714ms returns FALSE
T92D0 8654:984.688 JLINK_IsHalted()
T92D0 8654:985.322 - 0.653ms returns FALSE
T92D0 8655:185.525 JLINK_IsHalted()
T92D0 8655:186.210 - 0.729ms returns FALSE
T92D0 8655:386.525 JLINK_IsHalted()
T92D0 8655:387.247 - 0.740ms returns FALSE
T92D0 8655:587.774 JLINK_IsHalted()
T92D0 8655:588.198 - 0.432ms returns FALSE
T92D0 8655:788.631 JLINK_IsHalted()
T92D0 8655:789.087 - 0.461ms returns FALSE
T92D0 8655:988.835 JLINK_IsHalted()
T92D0 8655:989.531 - 0.718ms returns FALSE
T92D0 8656:190.862 JLINK_IsHalted()
T92D0 8656:191.547 - 0.714ms returns FALSE
T92D0 8656:392.061 JLINK_IsHalted()
T92D0 8656:392.509 - 0.459ms returns FALSE
T92D0 8656:592.560 JLINK_IsHalted()
T92D0 8656:593.266 - 0.729ms returns FALSE
T92D0 8656:793.811 JLINK_IsHalted()
T92D0 8656:794.527 - 0.736ms returns FALSE
T92D0 8656:995.310 JLINK_IsHalted()
T92D0 8656:996.018 - 0.727ms returns FALSE
T92D0 8657:195.845 JLINK_IsHalted()
T92D0 8657:196.588 - 0.762ms returns FALSE
T92D0 8657:397.510 JLINK_IsHalted()
T92D0 8657:397.929 - 0.425ms returns FALSE
T92D0 8657:598.349 JLINK_IsHalted()
T92D0 8657:599.032 - 0.703ms returns FALSE
T92D0 8657:798.916 JLINK_IsHalted()
T92D0 8657:799.591 - 0.700ms returns FALSE
T92D0 8658:000.387 JLINK_IsHalted()
T92D0 8658:000.878 - 0.506ms returns FALSE
T92D0 8658:200.624 JLINK_IsHalted()
T92D0 8658:201.328 - 0.723ms returns FALSE
T92D0 8658:401.143 JLINK_IsHalted()
T92D0 8658:401.841 - 0.748ms returns FALSE
T92D0 8658:601.652 JLINK_IsHalted()
T92D0 8658:602.219 - 0.582ms returns FALSE
T92D0 8658:801.873 JLINK_IsHalted()
T92D0 8658:802.594 - 0.740ms returns FALSE
T92D0 8659:003.190 JLINK_IsHalted()
T92D0 8659:003.917 - 0.746ms returns FALSE
T92D0 8659:204.255 JLINK_IsHalted()
T92D0 8659:204.984 - 0.753ms returns FALSE
T92D0 8659:406.087 JLINK_IsHalted()
T92D0 8659:406.804 - 0.736ms returns FALSE
T92D0 8659:607.640 JLINK_IsHalted()
T92D0 8659:608.264 - 0.630ms returns FALSE
T92D0 8659:807.784 JLINK_IsHalted()
T92D0 8659:808.310 - 0.537ms returns FALSE
T92D0 8660:008.389 JLINK_IsHalted()
T92D0 8660:009.158 - 0.787ms returns FALSE
T92D0 8660:209.505 JLINK_IsHalted()
T92D0 8660:209.952 - 0.451ms returns FALSE
T92D0 8660:410.317 JLINK_IsHalted()
T92D0 8660:411.007 - 0.709ms returns FALSE
T92D0 8660:611.068 JLINK_IsHalted()
T92D0 8660:611.782 - 0.733ms returns FALSE
T92D0 8660:812.312 JLINK_IsHalted()
T92D0 8660:813.071 - 0.777ms returns FALSE
T92D0 8661:013.680 JLINK_IsHalted()
T92D0 8661:014.501 - 0.840ms returns FALSE
T92D0 8661:214.599 JLINK_IsHalted()
T92D0 8661:215.287 - 0.712ms returns FALSE
T92D0 8661:415.796 JLINK_IsHalted()
T92D0 8661:416.478 - 0.704ms returns FALSE
T92D0 8661:616.569 JLINK_IsHalted()
T92D0 8661:617.274 - 0.740ms returns FALSE
T92D0 8661:819.343 JLINK_IsHalted()
T92D0 8661:820.074 - 0.750ms returns FALSE
T92D0 8662:020.148 JLINK_IsHalted()
T92D0 8662:020.581 - 0.441ms returns FALSE
T92D0 8662:220.459 JLINK_IsHalted()
T92D0 8662:220.967 - 0.520ms returns FALSE
T92D0 8662:420.540 JLINK_IsHalted()
T92D0 8662:421.218 - 0.697ms returns FALSE
T92D0 8662:621.605 JLINK_IsHalted()
T92D0 8662:622.296 - 0.710ms returns FALSE
T92D0 8662:822.855 JLINK_IsHalted()
T92D0 8662:823.575 - 0.738ms returns FALSE
T92D0 8663:023.812 JLINK_IsHalted()
T92D0 8663:024.295 - 0.489ms returns FALSE
T92D0 8663:223.922 JLINK_IsHalted()
T92D0 8663:224.333 - 0.415ms returns FALSE
T92D0 8663:423.935 JLINK_IsHalted()
T92D0 8663:424.776 - 0.874ms returns FALSE
T92D0 8663:625.433 JLINK_IsHalted()
T92D0 8663:626.116 - 0.701ms returns FALSE
T92D0 8663:825.947 JLINK_IsHalted()
T92D0 8663:826.747 - 0.853ms returns FALSE
T92D0 8664:027.047 JLINK_IsHalted()
T92D0 8664:027.680 - 0.650ms returns FALSE
T92D0 8664:227.889 JLINK_IsHalted()
T92D0 8664:228.587 - 0.717ms returns FALSE
T92D0 8664:429.553 JLINK_IsHalted()
T92D0 8664:430.256 - 0.726ms returns FALSE
T92D0 8664:632.690 JLINK_IsHalted()
T92D0 8664:633.376 - 0.705ms returns FALSE
T92D0 8664:832.972 JLINK_IsHalted()
T92D0 8664:833.623 - 0.656ms returns FALSE
T92D0 8665:033.718 JLINK_IsHalted()
T92D0 8665:034.177 - 0.466ms returns FALSE
T92D0 8665:234.061 JLINK_IsHalted()
T92D0 8665:234.740 - 0.703ms returns FALSE
T92D0 8665:436.115 JLINK_IsHalted()
T92D0 8665:436.791 - 0.700ms returns FALSE
T92D0 8665:637.823 JLINK_IsHalted()
T92D0 8665:638.492 - 0.688ms returns FALSE
T92D0 8665:839.791 JLINK_IsHalted()
T92D0 8665:840.383 - 0.609ms returns FALSE
T92D0 8666:040.452 JLINK_IsHalted()
T92D0 8666:041.142 - 0.709ms returns FALSE
T92D0 8666:240.916 JLINK_IsHalted()
T92D0 8666:241.598 - 0.704ms returns FALSE
T92D0 8666:442.379 JLINK_IsHalted()
T92D0 8666:442.976 - 0.606ms returns FALSE
T92D0 8666:642.613 JLINK_IsHalted()
T92D0 8666:642.981 - 0.373ms returns FALSE
T92D0 8666:843.234 JLINK_IsHalted()
T92D0 8666:843.980 - 0.767ms returns FALSE
T92D0 8667:044.918 JLINK_IsHalted()
T92D0 8667:045.608 - 0.713ms returns FALSE
T92D0 8667:247.828 JLINK_IsHalted()
T92D0 8667:248.270 - 0.451ms returns FALSE
T92D0 8667:448.371 JLINK_IsHalted()
T92D0 8667:449.051 - 0.698ms returns FALSE
T92D0 8667:649.518 JLINK_IsHalted()
T92D0 8667:649.920 - 0.409ms returns FALSE
T92D0 8667:849.701 JLINK_IsHalted()
T92D0 8667:850.185 - 0.498ms returns FALSE
T92D0 8668:050.274 JLINK_IsHalted()
T92D0 8668:050.783 - 0.516ms returns FALSE
T92D0 8668:250.705 JLINK_IsHalted()
T92D0 8668:251.221 - 0.532ms returns FALSE
T92D0 8668:452.661 JLINK_IsHalted()
T92D0 8668:453.338 - 0.696ms returns FALSE
T92D0 8668:654.613 JLINK_IsHalted()
T92D0 8668:655.346 - 0.752ms returns FALSE
T92D0 8668:854.620 JLINK_IsHalted()
T92D0 8668:855.292 - 0.691ms returns FALSE
T92D0 8669:056.570 JLINK_IsHalted()
T92D0 8669:057.000 - 0.437ms returns FALSE
T92D0 8669:257.170 JLINK_IsHalted()
T92D0 8669:257.877 - 0.726ms returns FALSE
T92D0 8669:458.599 JLINK_IsHalted()
T92D0 8669:459.025 - 0.430ms returns FALSE
T92D0 8669:659.240 JLINK_IsHalted()
T92D0 8669:659.956 - 0.734ms returns FALSE
T92D0 8669:861.366 JLINK_IsHalted()
T92D0 8669:862.049 - 0.701ms returns FALSE
T92D0 8670:062.776 JLINK_IsHalted()
T92D0 8670:063.190 - 0.421ms returns FALSE
T92D0 8670:263.749 JLINK_IsHalted()
T92D0 8670:264.453 - 0.722ms returns FALSE
T92D0 8670:464.809 JLINK_IsHalted()
T92D0 8670:465.466 - 0.677ms returns FALSE
T92D0 8670:665.519 JLINK_IsHalted()
T92D0 8670:666.219 - 0.723ms returns FALSE
T92D0 8670:866.473 JLINK_IsHalted()
T92D0 8670:866.986 - 0.529ms returns FALSE
T92D0 8671:067.005 JLINK_IsHalted()
T92D0 8671:067.611 - 0.613ms returns FALSE
T92D0 8671:267.518 JLINK_IsHalted()
T92D0 8671:267.995 - 0.488ms returns FALSE
T92D0 8671:468.342 JLINK_IsHalted()
T92D0 8671:469.104 - 0.780ms returns FALSE
T92D0 8671:671.268 JLINK_IsHalted()
T92D0 8671:671.981 - 0.732ms returns FALSE
T92D0 8671:873.453 JLINK_IsHalted()
T92D0 8671:874.249 - 0.815ms returns FALSE
T92D0 8672:074.856 JLINK_IsHalted()
T92D0 8672:075.376 - 0.535ms returns FALSE
T92D0 8672:274.944 JLINK_IsHalted()
T92D0 8672:275.421 - 0.484ms returns FALSE
T92D0 8672:475.777 JLINK_IsHalted()
T92D0 8672:476.449 - 0.691ms returns FALSE
T92D0 8672:676.879 JLINK_IsHalted()
T92D0 8672:677.592 - 0.733ms returns FALSE
T92D0 8672:877.805 JLINK_IsHalted()
T92D0 8672:878.548 - 0.762ms returns FALSE
T92D0 8673:078.813 JLINK_IsHalted()
T92D0 8673:079.543 - 0.748ms returns FALSE
T92D0 8673:279.729 JLINK_IsHalted()
T92D0 8673:280.432 - 0.722ms returns FALSE
T92D0 8673:481.008 JLINK_IsHalted()
T92D0 8673:481.705 - 0.716ms returns FALSE
T92D0 8673:682.729 JLINK_IsHalted()
T92D0 8673:683.174 - 0.451ms returns FALSE
T92D0 8673:883.355 JLINK_IsHalted()
T92D0 8673:883.871 - 0.524ms returns FALSE
T92D0 8674:084.194 JLINK_IsHalted()
T92D0 8674:084.742 - 0.556ms returns FALSE
T92D0 8674:285.036 JLINK_IsHalted()
T92D0 8674:285.731 - 0.716ms returns FALSE
T92D0 8674:486.466 JLINK_IsHalted()
T92D0 8674:487.042 - 0.584ms returns FALSE
T92D0 8674:687.168 JLINK_IsHalted()
T92D0 8674:687.838 - 0.693ms returns FALSE
T92D0 8674:888.270 JLINK_IsHalted()
T92D0 8674:888.974 - 0.726ms returns FALSE
T41B4 8675:059.336   
  ***** Error: Connection to emulator lost!
T92D0 8675:089.736 JLINK_IsHalted()
T92D0 8675:089.770 - 0.036ms returns ERROR
T494C 8675:126.433 JLINK_EMU_GetList(InterfaceMask = 0x00000001, MaxInfos = 0x00000032) 
T494C 8675:127.196 - 0.772ms returns 0
T494C 8675:127.210 JLINK_EMU_GetList(InterfaceMask = 0x00000002, MaxInfos = 0x00000032) 
T494C 8675:172.239 - 45.042ms returns 0
T92D0 8675:290.323 JLINK_IsHalted()
T92D0 8675:290.345 - 0.024ms returns ERROR
T9108 8675:290.809 JLINK_ResetPullsRESET(ON)
T9108 8675:290.820 - 0.013ms
T9108 8675:290.825 JLINK_ResetNoHalt()
T9108 8675:290.841 - 0.017ms
T9108 8675:308.229 JLINK_Close()
T9108 8675:320.921 - 12.708ms
T9108 8675:320.939   
T9108 8675:320.944   Closed
